2025-12-29 12:25:27,322 INFO Starting bot mode=paper
2025-12-29 12:25:27,646 INFO Scanner picked 2 token(s) via slug-scan
2025-12-29 12:25:27,766 INFO WS connected: wss://ws-subscriptions-clob.polymarket.com/ws/market
2025-12-29 12:25:27,767 INFO Subscribed assets=2
2025-12-29 12:25:28,259 INFO [PAPER] quote 86832599764820386822274184067233051922704970119929016884243242761158316064623 bid=0.48 ask=0.52 size=25.0
2025-12-29 12:25:28,260 INFO [PAPER] quote 43536178424427788735828987673908378253365553329930433399552699130356855282154 bid=0.48 ask=0.52 size=25.0
2025-12-29 12:25:28,863 INFO [PAPER] quote 86832599764820386822274184067233051922704970119929016884243242761158316064623 bid=0.48 ask=0.52 size=25.0
2025-12-29 12:25:28,863 INFO [PAPER] quote 43536178424427788735828987673908378253365553329930433399552699130356855282154 bid=0.48 ask=0.52 size=25.0
2025-12-29 12:25:29,473 INFO [PAPER] quote 86832599764820386822274184067233051922704970119929016884243242761158316064623 bid=0.48 ask=0.52 size=25.0
2025-12-29 12:25:29,474 INFO [PAPER] quote 43536178424427788735828987673908378253365553329930433399552699130356855282154 bid=0.48 ask=0.52 size=25.0
2025-12-29 12:25:30,087 INFO [PAPER] quote 86832599764820386822274184067233051922704970119929016884243242761158316064623 bid=0.48 ask=0.52 size=25.0
2025-12-29 12:25:30,087 INFO [PAPER] quote 43536178424427788735828987673908378253365553329930433399552699130356855282154 bid=0.48 ask=0.52 size=25.0
2025-12-29 12:25:30,698 INFO [PAPER] quote 86832599764820386822274184067233051922704970119929016884243242761158316064623 bid=0.48 ask=0.52 size=25.0
2025-12-29 12:25:30,698 INFO [PAPER] quote 43536178424427788735828987673908378253365553329930433399552699130356855282154 bid=0.48 ask=0.52 size=25.0
2025-12-29 12:25:31,309 INFO [PAPER] quote 86832599764820386822274184067233051922704970119929016884243242761158316064623 bid=0.48 ask=0.52 size=25.0
2025-12-29 12:25:31,310 INFO [PAPER] quote 43536178424427788735828987673908378253365553329930433399552699130356855282154 bid=0.48 ask=0.52 size=25.0
2025-12-29 12:25:31,924 INFO [PAPER] quote 86832599764820386822274184067233051922704970119929016884243242761158316064623 bid=0.48 ask=0.52 size=25.0
2025-12-29 12:25:31,924 INFO [PAPER] quote 43536178424427788735828987673908378253365553329930433399552699130356855282154 bid=0.48 ask=0.52 size=25.0
2025-12-29 12:25:32,531 INFO [PAPER] quote 86832599764820386822274184067233051922704970119929016884243242761158316064623 bid=0.48 ask=0.52 size=25.0
2025-12-29 12:25:32,531 INFO [PAPER] quote 43536178424427788735828987673908378253365553329930433399552699130356855282154 bid=0.48 ask=0.52 size=25.0
2025-12-29 12:25:33,137 INFO [PAPER] quote 86832599764820386822274184067233051922704970119929016884243242761158316064623 bid=0.48 ask=0.52 size=25.0
2025-12-29 12:25:33,138 INFO [PAPER] quote 43536178424427788735828987673908378253365553329930433399552699130356855282154 bid=0.48 ask=0.52 size=25.0
2025-12-29 12:25:33,740 INFO [PAPER] quote 86832599764820386822274184067233051922704970119929016884243242761158316064623 bid=0.48 ask=0.52 size=25.0
2025-12-29 12:25:33,741 INFO [PAPER] quote 43536178424427788735828987673908378253365553329930433399552699130356855282154 bid=0.48 ask=0.52 size=25.0
2025-12-29 12:25:34,351 INFO [PAPER] quote 86832599764820386822274184067233051922704970119929016884243242761158316064623 bid=0.48 ask=0.52 size=25.0
2025-12-29 12:25:34,352 INFO [PAPER] quote 43536178424427788735828987673908378253365553329930433399552699130356855282154 bid=0.48 ask=0.52 size=25.0
2025-12-29 12:25:34,962 INFO [PAPER] quote 86832599764820386822274184067233051922704970119929016884243242761158316064623 bid=0.48 ask=0.52 size=25.0
2025-12-29 12:25:34,963 INFO [PAPER] quote 43536178424427788735828987673908378253365553329930433399552699130356855282154 bid=0.48 ask=0.52 size=25.0
2025-12-29 12:25:35,566 INFO [PAPER] quote 86832599764820386822274184067233051922704970119929016884243242761158316064623 bid=0.48 ask=0.52 size=25.0
2025-12-29 12:25:35,566 INFO [PAPER] quote 43536178424427788735828987673908378253365553329930433399552699130356855282154 bid=0.48 ask=0.52 size=25.0
2025-12-29 12:25:36,170 INFO [PAPER] quote 86832599764820386822274184067233051922704970119929016884243242761158316064623 bid=0.48 ask=0.52 size=25.0
2025-12-29 12:25:36,171 INFO [PAPER] quote 43536178424427788735828987673908378253365553329930433399552699130356855282154 bid=0.48 ask=0.52 size=25.0
2025-12-29 12:25:36,782 INFO [PAPER] quote 86832599764820386822274184067233051922704970119929016884243242761158316064623 bid=0.48 ask=0.52 size=25.0
2025-12-29 12:25:36,783 INFO [PAPER] quote 43536178424427788735828987673908378253365553329930433399552699130356855282154 bid=0.48 ask=0.52 size=25.0
2025-12-29 12:25:37,398 INFO [PAPER] quote 86832599764820386822274184067233051922704970119929016884243242761158316064623 bid=0.48 ask=0.52 size=25.0
2025-12-29 12:25:37,399 INFO [PAPER] quote 43536178424427788735828987673908378253365553329930433399552699130356855282154 bid=0.48 ask=0.52 size=25.0
2025-12-29 12:25:38,008 INFO [PAPER] quote 86832599764820386822274184067233051922704970119929016884243242761158316064623 bid=0.48 ask=0.52 size=25.0
2025-12-29 12:25:38,008 INFO [PAPER] quote 43536178424427788735828987673908378253365553329930433399552699130356855282154 bid=0.48 ask=0.52 size=25.0
2025-12-29 12:25:38,618 INFO [PAPER] quote 86832599764820386822274184067233051922704970119929016884243242761158316064623 bid=0.48 ask=0.52 size=25.0
2025-12-29 12:25:38,619 INFO [PAPER] quote 43536178424427788735828987673908378253365553329930433399552699130356855282154 bid=0.48 ask=0.52 size=25.0
2025-12-29 12:25:39,228 INFO [PAPER] quote 86832599764820386822274184067233051922704970119929016884243242761158316064623 bid=0.48 ask=0.52 size=25.0
2025-12-29 12:25:39,228 INFO [PAPER] quote 43536178424427788735828987673908378253365553329930433399552699130356855282154 bid=0.48 ask=0.52 size=25.0
2025-12-29 12:25:39,840 INFO [PAPER] quote 86832599764820386822274184067233051922704970119929016884243242761158316064623 bid=0.48 ask=0.52 size=25.0
2025-12-29 12:25:39,840 INFO [PAPER] quote 43536178424427788735828987673908378253365553329930433399552699130356855282154 bid=0.48 ask=0.52 size=25.0
2025-12-29 12:25:40,452 INFO [PAPER] quote 86832599764820386822274184067233051922704970119929016884243242761158316064623 bid=0.48 ask=0.52 size=25.0
2025-12-29 12:25:40,452 INFO [PAPER] quote 43536178424427788735828987673908378253365553329930433399552699130356855282154 bid=0.48 ask=0.52 size=25.0
2025-12-29 12:25:41,056 INFO [PAPER] quote 86832599764820386822274184067233051922704970119929016884243242761158316064623 bid=0.48 ask=0.52 size=25.0
2025-12-29 12:25:41,057 INFO [PAPER] quote 43536178424427788735828987673908378253365553329930433399552699130356855282154 bid=0.48 ask=0.52 size=25.0
2025-12-29 12:25:41,662 INFO [PAPER] quote 86832599764820386822274184067233051922704970119929016884243242761158316064623 bid=0.48 ask=0.52 size=25.0
2025-12-29 12:25:41,662 INFO [PAPER] quote 43536178424427788735828987673908378253365553329930433399552699130356855282154 bid=0.48 ask=0.52 size=25.0
2025-12-29 12:25:42,267 INFO [PAPER] quote 86832599764820386822274184067233051922704970119929016884243242761158316064623 bid=0.48 ask=0.52 size=25.0
2025-12-29 12:25:42,268 INFO [PAPER] quote 43536178424427788735828987673908378253365553329930433399552699130356855282154 bid=0.48 ask=0.52 size=25.0
2025-12-29 12:25:42,880 INFO [PAPER] quote 86832599764820386822274184067233051922704970119929016884243242761158316064623 bid=0.48 ask=0.52 size=25.0
2025-12-29 12:25:42,881 INFO [PAPER] quote 43536178424427788735828987673908378253365553329930433399552699130356855282154 bid=0.48 ask=0.52 size=25.0
2025-12-29 12:25:43,481 INFO [PAPER] quote 86832599764820386822274184067233051922704970119929016884243242761158316064623 bid=0.48 ask=0.52 size=25.0
2025-12-29 12:25:43,482 INFO [PAPER] quote 43536178424427788735828987673908378253365553329930433399552699130356855282154 bid=0.48 ask=0.52 size=25.0
2025-12-29 12:25:44,083 INFO [PAPER] quote 86832599764820386822274184067233051922704970119929016884243242761158316064623 bid=0.48 ask=0.52 size=25.0
2025-12-29 12:25:44,084 INFO [PAPER] quote 43536178424427788735828987673908378253365553329930433399552699130356855282154 bid=0.48 ask=0.52 size=25.0
2025-12-29 12:25:44,699 INFO [PAPER] quote 86832599764820386822274184067233051922704970119929016884243242761158316064623 bid=0.48 ask=0.52 size=25.0
2025-12-29 12:25:44,699 INFO [PAPER] quote 43536178424427788735828987673908378253365553329930433399552699130356855282154 bid=0.48 ask=0.52 size=25.0
2025-12-29 12:25:45,313 INFO [PAPER] quote 86832599764820386822274184067233051922704970119929016884243242761158316064623 bid=0.48 ask=0.52 size=25.0
2025-12-29 12:25:45,313 INFO [PAPER] quote 43536178424427788735828987673908378253365553329930433399552699130356855282154 bid=0.48 ask=0.52 size=25.0
2025-12-29 12:25:45,915 INFO [PAPER] quote 86832599764820386822274184067233051922704970119929016884243242761158316064623 bid=0.48 ask=0.52 size=25.0
2025-12-29 12:25:45,915 INFO [PAPER] quote 43536178424427788735828987673908378253365553329930433399552699130356855282154 bid=0.48 ask=0.52 size=25.0
2025-12-29 12:25:46,517 INFO [PAPER] quote 86832599764820386822274184067233051922704970119929016884243242761158316064623 bid=0.48 ask=0.52 size=25.0
2025-12-29 12:25:46,518 INFO [PAPER] quote 43536178424427788735828987673908378253365553329930433399552699130356855282154 bid=0.48 ask=0.52 size=25.0
2025-12-29 12:25:47,129 INFO [PAPER] quote 86832599764820386822274184067233051922704970119929016884243242761158316064623 bid=0.48 ask=0.52 size=25.0
2025-12-29 12:25:47,129 INFO [PAPER] quote 43536178424427788735828987673908378253365553329930433399552699130356855282154 bid=0.48 ask=0.52 size=25.0
2025-12-29 12:25:47,739 INFO [PAPER] quote 86832599764820386822274184067233051922704970119929016884243242761158316064623 bid=0.48 ask=0.52 size=25.0
2025-12-29 12:25:47,740 INFO [PAPER] quote 43536178424427788735828987673908378253365553329930433399552699130356855282154 bid=0.48 ask=0.52 size=25.0
2025-12-29 12:25:48,349 INFO [PAPER] quote 86832599764820386822274184067233051922704970119929016884243242761158316064623 bid=0.48 ask=0.52 size=25.0
2025-12-29 12:25:48,350 INFO [PAPER] quote 43536178424427788735828987673908378253365553329930433399552699130356855282154 bid=0.48 ask=0.52 size=25.0
2025-12-29 12:25:48,962 INFO [PAPER] quote 86832599764820386822274184067233051922704970119929016884243242761158316064623 bid=0.48 ask=0.52 size=25.0
2025-12-29 12:25:48,962 INFO [PAPER] quote 43536178424427788735828987673908378253365553329930433399552699130356855282154 bid=0.48 ask=0.52 size=25.0
2025-12-29 12:25:49,567 INFO [PAPER] quote 86832599764820386822274184067233051922704970119929016884243242761158316064623 bid=0.48 ask=0.52 size=25.0
2025-12-29 12:25:49,568 INFO [PAPER] quote 43536178424427788735828987673908378253365553329930433399552699130356855282154 bid=0.48 ask=0.52 size=25.0
2025-12-29 12:25:50,173 INFO [PAPER] quote 86832599764820386822274184067233051922704970119929016884243242761158316064623 bid=0.48 ask=0.52 size=25.0
2025-12-29 12:25:50,173 INFO [PAPER] quote 43536178424427788735828987673908378253365553329930433399552699130356855282154 bid=0.48 ask=0.52 size=25.0
2025-12-29 12:25:50,789 INFO [PAPER] quote 86832599764820386822274184067233051922704970119929016884243242761158316064623 bid=0.48 ask=0.52 size=25.0
2025-12-29 12:25:50,789 INFO [PAPER] quote 43536178424427788735828987673908378253365553329930433399552699130356855282154 bid=0.48 ask=0.52 size=25.0
2025-12-29 12:25:51,393 INFO [PAPER] quote 86832599764820386822274184067233051922704970119929016884243242761158316064623 bid=0.48 ask=0.52 size=25.0
2025-12-29 12:25:51,393 INFO [PAPER] quote 43536178424427788735828987673908378253365553329930433399552699130356855282154 bid=0.48 ask=0.52 size=25.0
2025-12-29 12:25:52,001 INFO [PAPER] quote 86832599764820386822274184067233051922704970119929016884243242761158316064623 bid=0.48 ask=0.52 size=25.0
2025-12-29 12:25:52,001 INFO [PAPER] quote 43536178424427788735828987673908378253365553329930433399552699130356855282154 bid=0.48 ask=0.52 size=25.0
2025-12-29 12:25:52,605 INFO [PAPER] quote 86832599764820386822274184067233051922704970119929016884243242761158316064623 bid=0.48 ask=0.52 size=25.0
2025-12-29 12:25:52,606 INFO [PAPER] quote 43536178424427788735828987673908378253365553329930433399552699130356855282154 bid=0.48 ask=0.52 size=25.0
2025-12-29 12:25:53,215 INFO [PAPER] quote 86832599764820386822274184067233051922704970119929016884243242761158316064623 bid=0.48 ask=0.52 size=25.0
2025-12-29 12:25:53,216 INFO [PAPER] quote 43536178424427788735828987673908378253365553329930433399552699130356855282154 bid=0.48 ask=0.52 size=25.0
2025-12-29 12:25:53,823 INFO [PAPER] quote 86832599764820386822274184067233051922704970119929016884243242761158316064623 bid=0.48 ask=0.52 size=25.0
2025-12-29 12:25:53,823 INFO [PAPER] quote 43536178424427788735828987673908378253365553329930433399552699130356855282154 bid=0.48 ask=0.52 size=25.0
2025-12-29 12:25:54,433 INFO [PAPER] quote 86832599764820386822274184067233051922704970119929016884243242761158316064623 bid=0.48 ask=0.52 size=25.0
2025-12-29 12:25:54,433 INFO [PAPER] quote 43536178424427788735828987673908378253365553329930433399552699130356855282154 bid=0.48 ask=0.52 size=25.0
2025-12-29 12:25:55,040 INFO [PAPER] quote 86832599764820386822274184067233051922704970119929016884243242761158316064623 bid=0.48 ask=0.52 size=25.0
2025-12-29 12:25:55,041 INFO [PAPER] quote 43536178424427788735828987673908378253365553329930433399552699130356855282154 bid=0.48 ask=0.52 size=25.0
2025-12-29 12:25:55,649 INFO [PAPER] quote 86832599764820386822274184067233051922704970119929016884243242761158316064623 bid=0.48 ask=0.52 size=25.0
2025-12-29 12:25:55,649 INFO [PAPER] quote 43536178424427788735828987673908378253365553329930433399552699130356855282154 bid=0.48 ask=0.52 size=25.0
2025-12-29 12:25:56,251 INFO [PAPER] quote 86832599764820386822274184067233051922704970119929016884243242761158316064623 bid=0.48 ask=0.52 size=25.0
2025-12-29 12:25:56,251 INFO [PAPER] quote 43536178424427788735828987673908378253365553329930433399552699130356855282154 bid=0.48 ask=0.52 size=25.0
2025-12-29 12:25:56,866 INFO [PAPER] quote 86832599764820386822274184067233051922704970119929016884243242761158316064623 bid=0.48 ask=0.52 size=25.0
2025-12-29 12:25:56,867 INFO [PAPER] quote 43536178424427788735828987673908378253365553329930433399552699130356855282154 bid=0.48 ask=0.52 size=25.0
2025-12-29 12:25:57,473 INFO [PAPER] quote 86832599764820386822274184067233051922704970119929016884243242761158316064623 bid=0.48 ask=0.52 size=25.0
2025-12-29 12:25:57,473 INFO [PAPER] quote 43536178424427788735828987673908378253365553329930433399552699130356855282154 bid=0.48 ask=0.52 size=25.0
2025-12-29 12:25:58,084 INFO [PAPER] quote 86832599764820386822274184067233051922704970119929016884243242761158316064623 bid=0.48 ask=0.52 size=25.0
2025-12-29 12:25:58,084 INFO [PAPER] quote 43536178424427788735828987673908378253365553329930433399552699130356855282154 bid=0.48 ask=0.52 size=25.0
2025-12-29 12:25:58,695 INFO [PAPER] quote 86832599764820386822274184067233051922704970119929016884243242761158316064623 bid=0.48 ask=0.52 size=25.0
2025-12-29 12:25:58,696 INFO [PAPER] quote 43536178424427788735828987673908378253365553329930433399552699130356855282154 bid=0.48 ask=0.52 size=25.0
2025-12-29 12:25:59,301 INFO [PAPER] quote 86832599764820386822274184067233051922704970119929016884243242761158316064623 bid=0.48 ask=0.52 size=25.0
2025-12-29 12:25:59,302 INFO [PAPER] quote 43536178424427788735828987673908378253365553329930433399552699130356855282154 bid=0.48 ask=0.52 size=25.0
2025-12-29 12:25:59,903 INFO [PAPER] quote 86832599764820386822274184067233051922704970119929016884243242761158316064623 bid=0.48 ask=0.52 size=25.0
2025-12-29 12:25:59,904 INFO [PAPER] quote 43536178424427788735828987673908378253365553329930433399552699130356855282154 bid=0.48 ask=0.52 size=25.0
2025-12-29 12:26:00,508 INFO [PAPER] quote 86832599764820386822274184067233051922704970119929016884243242761158316064623 bid=0.48 ask=0.52 size=25.0
2025-12-29 12:26:00,508 INFO [PAPER] quote 43536178424427788735828987673908378253365553329930433399552699130356855282154 bid=0.48 ask=0.52 size=25.0
2025-12-29 12:26:01,112 INFO [PAPER] quote 86832599764820386822274184067233051922704970119929016884243242761158316064623 bid=0.48 ask=0.52 size=25.0
2025-12-29 12:26:01,112 INFO [PAPER] quote 43536178424427788735828987673908378253365553329930433399552699130356855282154 bid=0.48 ask=0.52 size=25.0
2025-12-29 12:26:01,720 INFO [PAPER] quote 86832599764820386822274184067233051922704970119929016884243242761158316064623 bid=0.48 ask=0.52 size=25.0
2025-12-29 12:26:01,721 INFO [PAPER] quote 43536178424427788735828987673908378253365553329930433399552699130356855282154 bid=0.48 ask=0.52 size=25.0
2025-12-29 12:26:02,322 INFO [PAPER] quote 86832599764820386822274184067233051922704970119929016884243242761158316064623 bid=0.48 ask=0.52 size=25.0
2025-12-29 12:26:02,322 INFO [PAPER] quote 43536178424427788735828987673908378253365553329930433399552699130356855282154 bid=0.48 ask=0.52 size=25.0
2025-12-29 12:26:02,923 INFO [PAPER] quote 86832599764820386822274184067233051922704970119929016884243242761158316064623 bid=0.48 ask=0.52 size=25.0
2025-12-29 12:26:02,924 INFO [PAPER] quote 43536178424427788735828987673908378253365553329930433399552699130356855282154 bid=0.48 ask=0.52 size=25.0
2025-12-29 12:26:03,525 INFO [PAPER] quote 86832599764820386822274184067233051922704970119929016884243242761158316064623 bid=0.48 ask=0.52 size=25.0
2025-12-29 12:26:03,525 INFO [PAPER] quote 43536178424427788735828987673908378253365553329930433399552699130356855282154 bid=0.48 ask=0.52 size=25.0
2025-12-29 12:26:04,127 INFO [PAPER] quote 86832599764820386822274184067233051922704970119929016884243242761158316064623 bid=0.48 ask=0.52 size=25.0
2025-12-29 12:26:04,127 INFO [PAPER] quote 43536178424427788735828987673908378253365553329930433399552699130356855282154 bid=0.48 ask=0.52 size=25.0
2025-12-29 12:26:04,734 INFO [PAPER] quote 86832599764820386822274184067233051922704970119929016884243242761158316064623 bid=0.48 ask=0.52 size=25.0
2025-12-29 12:26:04,735 INFO [PAPER] quote 43536178424427788735828987673908378253365553329930433399552699130356855282154 bid=0.48 ask=0.52 size=25.0
2025-12-29 12:26:05,346 INFO [PAPER] quote 86832599764820386822274184067233051922704970119929016884243242761158316064623 bid=0.48 ask=0.52 size=25.0
2025-12-29 12:26:05,347 INFO [PAPER] quote 43536178424427788735828987673908378253365553329930433399552699130356855282154 bid=0.48 ask=0.52 size=25.0
2025-12-29 12:26:05,951 INFO [PAPER] quote 86832599764820386822274184067233051922704970119929016884243242761158316064623 bid=0.48 ask=0.52 size=25.0
2025-12-29 12:26:05,951 INFO [PAPER] quote 43536178424427788735828987673908378253365553329930433399552699130356855282154 bid=0.48 ask=0.52 size=25.0
2025-12-29 12:26:06,556 INFO [PAPER] quote 86832599764820386822274184067233051922704970119929016884243242761158316064623 bid=0.48 ask=0.52 size=25.0
2025-12-29 12:26:06,557 INFO [PAPER] quote 43536178424427788735828987673908378253365553329930433399552699130356855282154 bid=0.48 ask=0.52 size=25.0
2025-12-29 12:26:07,161 INFO [PAPER] quote 86832599764820386822274184067233051922704970119929016884243242761158316064623 bid=0.48 ask=0.52 size=25.0
2025-12-29 12:26:07,161 INFO [PAPER] quote 43536178424427788735828987673908378253365553329930433399552699130356855282154 bid=0.48 ask=0.52 size=25.0
2025-12-29 12:26:07,767 INFO [PAPER] quote 86832599764820386822274184067233051922704970119929016884243242761158316064623 bid=0.48 ask=0.52 size=25.0
2025-12-29 12:26:07,767 INFO [PAPER] quote 43536178424427788735828987673908378253365553329930433399552699130356855282154 bid=0.48 ask=0.52 size=25.0
2025-12-29 12:26:08,372 INFO [PAPER] quote 86832599764820386822274184067233051922704970119929016884243242761158316064623 bid=0.48 ask=0.52 size=25.0
2025-12-29 12:26:08,373 INFO [PAPER] quote 43536178424427788735828987673908378253365553329930433399552699130356855282154 bid=0.48 ask=0.52 size=25.0
2025-12-29 12:26:08,988 INFO [PAPER] quote 86832599764820386822274184067233051922704970119929016884243242761158316064623 bid=0.48 ask=0.52 size=25.0
2025-12-29 12:26:08,988 INFO [PAPER] quote 43536178424427788735828987673908378253365553329930433399552699130356855282154 bid=0.48 ask=0.52 size=25.0
2025-12-29 12:26:09,600 INFO [PAPER] quote 86832599764820386822274184067233051922704970119929016884243242761158316064623 bid=0.48 ask=0.52 size=25.0
2025-12-29 12:26:09,600 INFO [PAPER] quote 43536178424427788735828987673908378253365553329930433399552699130356855282154 bid=0.48 ask=0.52 size=25.0
2025-12-29 12:26:10,201 INFO [PAPER] quote 86832599764820386822274184067233051922704970119929016884243242761158316064623 bid=0.48 ask=0.52 size=25.0
2025-12-29 12:26:10,202 INFO [PAPER] quote 43536178424427788735828987673908378253365553329930433399552699130356855282154 bid=0.48 ask=0.52 size=25.0
2025-12-29 12:26:10,803 INFO [PAPER] quote 86832599764820386822274184067233051922704970119929016884243242761158316064623 bid=0.48 ask=0.52 size=25.0
2025-12-29 12:26:10,804 INFO [PAPER] quote 43536178424427788735828987673908378253365553329930433399552699130356855282154 bid=0.48 ask=0.52 size=25.0
2025-12-29 12:26:11,409 INFO [PAPER] quote 86832599764820386822274184067233051922704970119929016884243242761158316064623 bid=0.48 ask=0.52 size=25.0
2025-12-29 12:26:11,409 INFO [PAPER] quote 43536178424427788735828987673908378253365553329930433399552699130356855282154 bid=0.48 ask=0.52 size=25.0
2025-12-29 12:26:12,010 INFO [PAPER] quote 86832599764820386822274184067233051922704970119929016884243242761158316064623 bid=0.48 ask=0.52 size=25.0
2025-12-29 12:26:12,010 INFO [PAPER] quote 43536178424427788735828987673908378253365553329930433399552699130356855282154 bid=0.48 ask=0.52 size=25.0
2025-12-29 12:26:12,619 INFO [PAPER] quote 86832599764820386822274184067233051922704970119929016884243242761158316064623 bid=0.48 ask=0.52 size=25.0
2025-12-29 12:26:12,619 INFO [PAPER] quote 43536178424427788735828987673908378253365553329930433399552699130356855282154 bid=0.48 ask=0.52 size=25.0
2025-12-29 12:26:13,233 INFO [PAPER] quote 86832599764820386822274184067233051922704970119929016884243242761158316064623 bid=0.48 ask=0.52 size=25.0
2025-12-29 12:26:13,233 INFO [PAPER] quote 43536178424427788735828987673908378253365553329930433399552699130356855282154 bid=0.48 ask=0.52 size=25.0
2025-12-29 12:26:13,845 INFO [PAPER] quote 86832599764820386822274184067233051922704970119929016884243242761158316064623 bid=0.48 ask=0.52 size=25.0
2025-12-29 12:26:13,845 INFO [PAPER] quote 43536178424427788735828987673908378253365553329930433399552699130356855282154 bid=0.48 ask=0.52 size=25.0
2025-12-29 12:26:14,456 INFO [PAPER] quote 86832599764820386822274184067233051922704970119929016884243242761158316064623 bid=0.48 ask=0.52 size=25.0
2025-12-29 12:26:14,456 INFO [PAPER] quote 43536178424427788735828987673908378253365553329930433399552699130356855282154 bid=0.48 ask=0.52 size=25.0
2025-12-29 12:26:15,072 INFO [PAPER] quote 86832599764820386822274184067233051922704970119929016884243242761158316064623 bid=0.48 ask=0.52 size=25.0
2025-12-29 12:26:15,072 INFO [PAPER] quote 43536178424427788735828987673908378253365553329930433399552699130356855282154 bid=0.48 ask=0.52 size=25.0
2025-12-29 12:26:15,680 INFO [PAPER] quote 86832599764820386822274184067233051922704970119929016884243242761158316064623 bid=0.48 ask=0.52 size=25.0
2025-12-29 12:26:15,681 INFO [PAPER] quote 43536178424427788735828987673908378253365553329930433399552699130356855282154 bid=0.48 ask=0.52 size=25.0
2025-12-29 12:26:16,288 INFO [PAPER] quote 86832599764820386822274184067233051922704970119929016884243242761158316064623 bid=0.48 ask=0.52 size=25.0
2025-12-29 12:26:16,289 INFO [PAPER] quote 43536178424427788735828987673908378253365553329930433399552699130356855282154 bid=0.48 ask=0.52 size=25.0
2025-12-29 12:26:16,896 INFO [PAPER] quote 86832599764820386822274184067233051922704970119929016884243242761158316064623 bid=0.48 ask=0.52 size=25.0
2025-12-29 12:26:16,897 INFO [PAPER] quote 43536178424427788735828987673908378253365553329930433399552699130356855282154 bid=0.48 ask=0.52 size=25.0
2025-12-29 12:26:17,502 INFO [PAPER] quote 86832599764820386822274184067233051922704970119929016884243242761158316064623 bid=0.48 ask=0.52 size=25.0
2025-12-29 12:26:17,502 INFO [PAPER] quote 43536178424427788735828987673908378253365553329930433399552699130356855282154 bid=0.48 ask=0.52 size=25.0
2025-12-29 12:26:18,111 INFO [PAPER] quote 86832599764820386822274184067233051922704970119929016884243242761158316064623 bid=0.48 ask=0.52 size=25.0
2025-12-29 12:26:18,111 INFO [PAPER] quote 43536178424427788735828987673908378253365553329930433399552699130356855282154 bid=0.48 ask=0.52 size=25.0
2025-12-29 12:26:18,718 INFO [PAPER] quote 86832599764820386822274184067233051922704970119929016884243242761158316064623 bid=0.48 ask=0.52 size=25.0
2025-12-29 12:26:18,718 INFO [PAPER] quote 43536178424427788735828987673908378253365553329930433399552699130356855282154 bid=0.48 ask=0.52 size=25.0
2025-12-29 12:26:19,331 INFO [PAPER] quote 86832599764820386822274184067233051922704970119929016884243242761158316064623 bid=0.48 ask=0.52 size=25.0
2025-12-29 12:26:19,331 INFO [PAPER] quote 43536178424427788735828987673908378253365553329930433399552699130356855282154 bid=0.48 ask=0.52 size=25.0
2025-12-29 12:26:19,935 INFO [PAPER] quote 86832599764820386822274184067233051922704970119929016884243242761158316064623 bid=0.48 ask=0.52 size=25.0
2025-12-29 12:26:19,935 INFO [PAPER] quote 43536178424427788735828987673908378253365553329930433399552699130356855282154 bid=0.48 ask=0.52 size=25.0
2025-12-29 12:26:20,546 INFO [PAPER] quote 86832599764820386822274184067233051922704970119929016884243242761158316064623 bid=0.48 ask=0.52 size=25.0
2025-12-29 12:26:20,546 INFO [PAPER] quote 43536178424427788735828987673908378253365553329930433399552699130356855282154 bid=0.48 ask=0.52 size=25.0
2025-12-29 12:26:21,160 INFO [PAPER] quote 86832599764820386822274184067233051922704970119929016884243242761158316064623 bid=0.48 ask=0.52 size=25.0
2025-12-29 12:26:21,160 INFO [PAPER] quote 43536178424427788735828987673908378253365553329930433399552699130356855282154 bid=0.48 ask=0.52 size=25.0
2025-12-29 12:26:21,762 INFO [PAPER] quote 86832599764820386822274184067233051922704970119929016884243242761158316064623 bid=0.48 ask=0.52 size=25.0
2025-12-29 12:26:21,762 INFO [PAPER] quote 43536178424427788735828987673908378253365553329930433399552699130356855282154 bid=0.48 ask=0.52 size=25.0
2025-12-29 12:26:22,370 INFO [PAPER] quote 86832599764820386822274184067233051922704970119929016884243242761158316064623 bid=0.48 ask=0.52 size=25.0
2025-12-29 12:26:22,371 INFO [PAPER] quote 43536178424427788735828987673908378253365553329930433399552699130356855282154 bid=0.48 ask=0.52 size=25.0
2025-12-29 12:26:22,979 INFO [PAPER] quote 86832599764820386822274184067233051922704970119929016884243242761158316064623 bid=0.48 ask=0.52 size=25.0
2025-12-29 12:26:22,979 INFO [PAPER] quote 43536178424427788735828987673908378253365553329930433399552699130356855282154 bid=0.48 ask=0.52 size=25.0
2025-12-29 12:26:23,594 INFO [PAPER] quote 86832599764820386822274184067233051922704970119929016884243242761158316064623 bid=0.48 ask=0.52 size=25.0
2025-12-29 12:26:23,595 INFO [PAPER] quote 43536178424427788735828987673908378253365553329930433399552699130356855282154 bid=0.48 ask=0.52 size=25.0
2025-12-29 12:26:24,195 INFO [PAPER] quote 86832599764820386822274184067233051922704970119929016884243242761158316064623 bid=0.48 ask=0.52 size=25.0
2025-12-29 12:26:24,195 INFO [PAPER] quote 43536178424427788735828987673908378253365553329930433399552699130356855282154 bid=0.48 ask=0.52 size=25.0
2025-12-29 12:26:24,801 INFO [PAPER] quote 86832599764820386822274184067233051922704970119929016884243242761158316064623 bid=0.48 ask=0.52 size=25.0
2025-12-29 12:26:24,801 INFO [PAPER] quote 43536178424427788735828987673908378253365553329930433399552699130356855282154 bid=0.48 ask=0.52 size=25.0
2025-12-29 12:26:25,412 INFO [PAPER] quote 86832599764820386822274184067233051922704970119929016884243242761158316064623 bid=0.48 ask=0.52 size=25.0
2025-12-29 12:26:25,412 INFO [PAPER] quote 43536178424427788735828987673908378253365553329930433399552699130356855282154 bid=0.48 ask=0.52 size=25.0
2025-12-29 12:26:26,028 INFO [PAPER] quote 86832599764820386822274184067233051922704970119929016884243242761158316064623 bid=0.48 ask=0.52 size=25.0
2025-12-29 12:26:26,028 INFO [PAPER] quote 43536178424427788735828987673908378253365553329930433399552699130356855282154 bid=0.48 ask=0.52 size=25.0
2025-12-29 12:26:26,628 INFO [PAPER] quote 86832599764820386822274184067233051922704970119929016884243242761158316064623 bid=0.48 ask=0.52 size=25.0
2025-12-29 12:26:26,629 INFO [PAPER] quote 43536178424427788735828987673908378253365553329930433399552699130356855282154 bid=0.48 ask=0.52 size=25.0
2025-12-29 12:26:27,233 INFO [PAPER] quote 86832599764820386822274184067233051922704970119929016884243242761158316064623 bid=0.48 ask=0.52 size=25.0
2025-12-29 12:26:27,233 INFO [PAPER] quote 43536178424427788735828987673908378253365553329930433399552699130356855282154 bid=0.48 ask=0.52 size=25.0
2025-12-29 12:26:28,114 INFO Scanner picked 2 token(s) via slug-scan
2025-12-29 12:26:28,115 INFO [PAPER] quote 86832599764820386822274184067233051922704970119929016884243242761158316064623 bid=0.48 ask=0.52 size=25.0
2025-12-29 12:26:28,115 INFO [PAPER] quote 43536178424427788735828987673908378253365553329930433399552699130356855282154 bid=0.48 ask=0.52 size=25.0
2025-12-29 12:26:28,723 INFO [PAPER] quote 86832599764820386822274184067233051922704970119929016884243242761158316064623 bid=0.48 ask=0.52 size=25.0
2025-12-29 12:26:28,723 INFO [PAPER] quote 43536178424427788735828987673908378253365553329930433399552699130356855282154 bid=0.48 ask=0.52 size=25.0
2025-12-29 12:26:29,329 INFO [PAPER] quote 86832599764820386822274184067233051922704970119929016884243242761158316064623 bid=0.48 ask=0.52 size=25.0
2025-12-29 12:26:29,330 INFO [PAPER] quote 43536178424427788735828987673908378253365553329930433399552699130356855282154 bid=0.48 ask=0.52 size=25.0
2025-12-29 12:26:29,934 INFO [PAPER] quote 86832599764820386822274184067233051922704970119929016884243242761158316064623 bid=0.48 ask=0.52 size=25.0
2025-12-29 12:26:29,934 INFO [PAPER] quote 43536178424427788735828987673908378253365553329930433399552699130356855282154 bid=0.48 ask=0.52 size=25.0
2025-12-29 12:26:30,539 INFO [PAPER] quote 86832599764820386822274184067233051922704970119929016884243242761158316064623 bid=0.48 ask=0.52 size=25.0
2025-12-29 12:26:30,539 INFO [PAPER] quote 43536178424427788735828987673908378253365553329930433399552699130356855282154 bid=0.48 ask=0.52 size=25.0
2025-12-29 12:26:31,152 INFO [PAPER] quote 86832599764820386822274184067233051922704970119929016884243242761158316064623 bid=0.48 ask=0.52 size=25.0
2025-12-29 12:26:31,153 INFO [PAPER] quote 43536178424427788735828987673908378253365553329930433399552699130356855282154 bid=0.48 ask=0.52 size=25.0
2025-12-29 12:26:31,757 INFO [PAPER] quote 86832599764820386822274184067233051922704970119929016884243242761158316064623 bid=0.48 ask=0.52 size=25.0
2025-12-29 12:26:31,757 INFO [PAPER] quote 43536178424427788735828987673908378253365553329930433399552699130356855282154 bid=0.48 ask=0.52 size=25.0
2025-12-29 12:26:32,362 INFO [PAPER] quote 86832599764820386822274184067233051922704970119929016884243242761158316064623 bid=0.48 ask=0.52 size=25.0
2025-12-29 12:26:32,362 INFO [PAPER] quote 43536178424427788735828987673908378253365553329930433399552699130356855282154 bid=0.48 ask=0.52 size=25.0
2025-12-29 12:26:32,968 INFO [PAPER] quote 86832599764820386822274184067233051922704970119929016884243242761158316064623 bid=0.48 ask=0.52 size=25.0
2025-12-29 12:26:32,968 INFO [PAPER] quote 43536178424427788735828987673908378253365553329930433399552699130356855282154 bid=0.48 ask=0.52 size=25.0
2025-12-29 12:26:33,577 INFO [PAPER] quote 86832599764820386822274184067233051922704970119929016884243242761158316064623 bid=0.48 ask=0.52 size=25.0
2025-12-29 12:26:33,577 INFO [PAPER] quote 43536178424427788735828987673908378253365553329930433399552699130356855282154 bid=0.48 ask=0.52 size=25.0
2025-12-29 12:26:34,179 INFO [PAPER] quote 86832599764820386822274184067233051922704970119929016884243242761158316064623 bid=0.48 ask=0.52 size=25.0
2025-12-29 12:26:34,179 INFO [PAPER] quote 43536178424427788735828987673908378253365553329930433399552699130356855282154 bid=0.48 ask=0.52 size=25.0
2025-12-29 12:26:34,785 INFO [PAPER] quote 86832599764820386822274184067233051922704970119929016884243242761158316064623 bid=0.48 ask=0.52 size=25.0
2025-12-29 12:26:34,785 INFO [PAPER] quote 43536178424427788735828987673908378253365553329930433399552699130356855282154 bid=0.48 ask=0.52 size=25.0
2025-12-29 12:26:35,396 INFO [PAPER] quote 86832599764820386822274184067233051922704970119929016884243242761158316064623 bid=0.48 ask=0.52 size=25.0
2025-12-29 12:26:35,396 INFO [PAPER] quote 43536178424427788735828987673908378253365553329930433399552699130356855282154 bid=0.48 ask=0.52 size=25.0
2025-12-29 12:26:35,997 INFO [PAPER] quote 86832599764820386822274184067233051922704970119929016884243242761158316064623 bid=0.48 ask=0.52 size=25.0
2025-12-29 12:26:35,997 INFO [PAPER] quote 43536178424427788735828987673908378253365553329930433399552699130356855282154 bid=0.48 ask=0.52 size=25.0
2025-12-29 12:26:36,601 INFO [PAPER] quote 86832599764820386822274184067233051922704970119929016884243242761158316064623 bid=0.48 ask=0.52 size=25.0
2025-12-29 12:26:36,601 INFO [PAPER] quote 43536178424427788735828987673908378253365553329930433399552699130356855282154 bid=0.48 ask=0.52 size=25.0
2025-12-29 12:26:37,211 INFO [PAPER] quote 86832599764820386822274184067233051922704970119929016884243242761158316064623 bid=0.48 ask=0.52 size=25.0
2025-12-29 12:26:37,212 INFO [PAPER] quote 43536178424427788735828987673908378253365553329930433399552699130356855282154 bid=0.48 ask=0.52 size=25.0
2025-12-29 12:26:37,824 INFO [PAPER] quote 86832599764820386822274184067233051922704970119929016884243242761158316064623 bid=0.48 ask=0.52 size=25.0
2025-12-29 12:26:37,824 INFO [PAPER] quote 43536178424427788735828987673908378253365553329930433399552699130356855282154 bid=0.48 ask=0.52 size=25.0
2025-12-29 12:26:38,439 INFO [PAPER] quote 86832599764820386822274184067233051922704970119929016884243242761158316064623 bid=0.48 ask=0.52 size=25.0
2025-12-29 12:26:38,440 INFO [PAPER] quote 43536178424427788735828987673908378253365553329930433399552699130356855282154 bid=0.48 ask=0.52 size=25.0
2025-12-29 12:26:39,046 INFO [PAPER] quote 86832599764820386822274184067233051922704970119929016884243242761158316064623 bid=0.48 ask=0.52 size=25.0
2025-12-29 12:26:39,046 INFO [PAPER] quote 43536178424427788735828987673908378253365553329930433399552699130356855282154 bid=0.48 ask=0.52 size=25.0
2025-12-29 12:26:39,651 INFO [PAPER] quote 86832599764820386822274184067233051922704970119929016884243242761158316064623 bid=0.48 ask=0.52 size=25.0
2025-12-29 12:26:39,651 INFO [PAPER] quote 43536178424427788735828987673908378253365553329930433399552699130356855282154 bid=0.48 ask=0.52 size=25.0
2025-12-29 12:26:40,257 INFO [PAPER] quote 86832599764820386822274184067233051922704970119929016884243242761158316064623 bid=0.48 ask=0.52 size=25.0
2025-12-29 12:26:40,257 INFO [PAPER] quote 43536178424427788735828987673908378253365553329930433399552699130356855282154 bid=0.48 ask=0.52 size=25.0
2025-12-29 12:26:40,867 INFO [PAPER] quote 86832599764820386822274184067233051922704970119929016884243242761158316064623 bid=0.48 ask=0.52 size=25.0
2025-12-29 12:26:40,868 INFO [PAPER] quote 43536178424427788735828987673908378253365553329930433399552699130356855282154 bid=0.48 ask=0.52 size=25.0
2025-12-29 12:26:41,477 INFO [PAPER] quote 86832599764820386822274184067233051922704970119929016884243242761158316064623 bid=0.48 ask=0.52 size=25.0
2025-12-29 12:26:41,477 INFO [PAPER] quote 43536178424427788735828987673908378253365553329930433399552699130356855282154 bid=0.48 ask=0.52 size=25.0
2025-12-29 12:26:42,080 INFO [PAPER] quote 86832599764820386822274184067233051922704970119929016884243242761158316064623 bid=0.48 ask=0.52 size=25.0
2025-12-29 12:26:42,080 INFO [PAPER] quote 43536178424427788735828987673908378253365553329930433399552699130356855282154 bid=0.48 ask=0.52 size=25.0
2025-12-29 12:26:42,684 INFO [PAPER] quote 86832599764820386822274184067233051922704970119929016884243242761158316064623 bid=0.48 ask=0.52 size=25.0
2025-12-29 12:26:42,684 INFO [PAPER] quote 43536178424427788735828987673908378253365553329930433399552699130356855282154 bid=0.48 ask=0.52 size=25.0
2025-12-29 12:26:43,298 INFO [PAPER] quote 86832599764820386822274184067233051922704970119929016884243242761158316064623 bid=0.48 ask=0.52 size=25.0
2025-12-29 12:26:43,298 INFO [PAPER] quote 43536178424427788735828987673908378253365553329930433399552699130356855282154 bid=0.48 ask=0.52 size=25.0
2025-12-29 12:26:43,909 INFO [PAPER] quote 86832599764820386822274184067233051922704970119929016884243242761158316064623 bid=0.48 ask=0.52 size=25.0
2025-12-29 12:26:43,910 INFO [PAPER] quote 43536178424427788735828987673908378253365553329930433399552699130356855282154 bid=0.48 ask=0.52 size=25.0
2025-12-29 12:26:44,511 INFO [PAPER] quote 86832599764820386822274184067233051922704970119929016884243242761158316064623 bid=0.48 ask=0.52 size=25.0
2025-12-29 12:26:44,512 INFO [PAPER] quote 43536178424427788735828987673908378253365553329930433399552699130356855282154 bid=0.48 ask=0.52 size=25.0
2025-12-29 12:26:45,123 INFO [PAPER] quote 86832599764820386822274184067233051922704970119929016884243242761158316064623 bid=0.48 ask=0.52 size=25.0
2025-12-29 12:26:45,124 INFO [PAPER] quote 43536178424427788735828987673908378253365553329930433399552699130356855282154 bid=0.48 ask=0.52 size=25.0
2025-12-29 12:26:45,731 INFO [PAPER] quote 86832599764820386822274184067233051922704970119929016884243242761158316064623 bid=0.48 ask=0.52 size=25.0
2025-12-29 12:26:45,731 INFO [PAPER] quote 43536178424427788735828987673908378253365553329930433399552699130356855282154 bid=0.48 ask=0.52 size=25.0
2025-12-29 12:26:46,334 INFO [PAPER] quote 86832599764820386822274184067233051922704970119929016884243242761158316064623 bid=0.48 ask=0.52 size=25.0
2025-12-29 12:26:46,334 INFO [PAPER] quote 43536178424427788735828987673908378253365553329930433399552699130356855282154 bid=0.48 ask=0.52 size=25.0
2025-12-29 12:26:46,948 INFO [PAPER] quote 86832599764820386822274184067233051922704970119929016884243242761158316064623 bid=0.48 ask=0.52 size=25.0
2025-12-29 12:26:46,948 INFO [PAPER] quote 43536178424427788735828987673908378253365553329930433399552699130356855282154 bid=0.48 ask=0.52 size=25.0
2025-12-29 12:26:47,558 INFO [PAPER] quote 86832599764820386822274184067233051922704970119929016884243242761158316064623 bid=0.48 ask=0.52 size=25.0
2025-12-29 12:26:47,559 INFO [PAPER] quote 43536178424427788735828987673908378253365553329930433399552699130356855282154 bid=0.48 ask=0.52 size=25.0
2025-12-29 12:26:48,161 INFO [PAPER] quote 86832599764820386822274184067233051922704970119929016884243242761158316064623 bid=0.48 ask=0.52 size=25.0
2025-12-29 12:26:48,161 INFO [PAPER] quote 43536178424427788735828987673908378253365553329930433399552699130356855282154 bid=0.48 ask=0.52 size=25.0
2025-12-29 12:26:48,762 INFO [PAPER] quote 86832599764820386822274184067233051922704970119929016884243242761158316064623 bid=0.48 ask=0.52 size=25.0
2025-12-29 12:26:48,762 INFO [PAPER] quote 43536178424427788735828987673908378253365553329930433399552699130356855282154 bid=0.48 ask=0.52 size=25.0
2025-12-29 12:26:49,363 INFO [PAPER] quote 86832599764820386822274184067233051922704970119929016884243242761158316064623 bid=0.48 ask=0.52 size=25.0
2025-12-29 12:26:49,363 INFO [PAPER] quote 43536178424427788735828987673908378253365553329930433399552699130356855282154 bid=0.48 ask=0.52 size=25.0
2025-12-29 12:26:49,968 INFO [PAPER] quote 86832599764820386822274184067233051922704970119929016884243242761158316064623 bid=0.48 ask=0.52 size=25.0
2025-12-29 12:26:49,968 INFO [PAPER] quote 43536178424427788735828987673908378253365553329930433399552699130356855282154 bid=0.48 ask=0.52 size=25.0
2025-12-29 12:26:50,573 INFO [PAPER] quote 86832599764820386822274184067233051922704970119929016884243242761158316064623 bid=0.48 ask=0.52 size=25.0
2025-12-29 12:26:50,573 INFO [PAPER] quote 43536178424427788735828987673908378253365553329930433399552699130356855282154 bid=0.48 ask=0.52 size=25.0
2025-12-29 12:26:51,178 INFO [PAPER] quote 86832599764820386822274184067233051922704970119929016884243242761158316064623 bid=0.48 ask=0.52 size=25.0
2025-12-29 12:26:51,178 INFO [PAPER] quote 43536178424427788735828987673908378253365553329930433399552699130356855282154 bid=0.48 ask=0.52 size=25.0
2025-12-29 12:26:51,787 INFO [PAPER] quote 86832599764820386822274184067233051922704970119929016884243242761158316064623 bid=0.48 ask=0.52 size=25.0
2025-12-29 12:26:51,787 INFO [PAPER] quote 43536178424427788735828987673908378253365553329930433399552699130356855282154 bid=0.48 ask=0.52 size=25.0
2025-12-29 12:26:52,390 INFO [PAPER] quote 86832599764820386822274184067233051922704970119929016884243242761158316064623 bid=0.48 ask=0.52 size=25.0
2025-12-29 12:26:52,390 INFO [PAPER] quote 43536178424427788735828987673908378253365553329930433399552699130356855282154 bid=0.48 ask=0.52 size=25.0
2025-12-29 12:26:52,994 INFO [PAPER] quote 86832599764820386822274184067233051922704970119929016884243242761158316064623 bid=0.48 ask=0.52 size=25.0
2025-12-29 12:26:52,994 INFO [PAPER] quote 43536178424427788735828987673908378253365553329930433399552699130356855282154 bid=0.48 ask=0.52 size=25.0
2025-12-29 12:26:53,600 INFO [PAPER] quote 86832599764820386822274184067233051922704970119929016884243242761158316064623 bid=0.48 ask=0.52 size=25.0
2025-12-29 12:26:53,601 INFO [PAPER] quote 43536178424427788735828987673908378253365553329930433399552699130356855282154 bid=0.48 ask=0.52 size=25.0
2025-12-29 12:26:54,211 INFO [PAPER] quote 86832599764820386822274184067233051922704970119929016884243242761158316064623 bid=0.48 ask=0.52 size=25.0
2025-12-29 12:26:54,211 INFO [PAPER] quote 43536178424427788735828987673908378253365553329930433399552699130356855282154 bid=0.48 ask=0.52 size=25.0
2025-12-29 12:26:54,812 INFO [PAPER] quote 86832599764820386822274184067233051922704970119929016884243242761158316064623 bid=0.48 ask=0.52 size=25.0
2025-12-29 12:26:54,813 INFO [PAPER] quote 43536178424427788735828987673908378253365553329930433399552699130356855282154 bid=0.48 ask=0.52 size=25.0
2025-12-29 12:26:55,417 INFO [PAPER] quote 86832599764820386822274184067233051922704970119929016884243242761158316064623 bid=0.48 ask=0.52 size=25.0
2025-12-29 12:26:55,418 INFO [PAPER] quote 43536178424427788735828987673908378253365553329930433399552699130356855282154 bid=0.48 ask=0.52 size=25.0
2025-12-29 12:26:56,034 INFO [PAPER] quote 86832599764820386822274184067233051922704970119929016884243242761158316064623 bid=0.48 ask=0.52 size=25.0
2025-12-29 12:26:56,034 INFO [PAPER] quote 43536178424427788735828987673908378253365553329930433399552699130356855282154 bid=0.48 ask=0.52 size=25.0
2025-12-29 12:26:56,640 INFO [PAPER] quote 86832599764820386822274184067233051922704970119929016884243242761158316064623 bid=0.48 ask=0.52 size=25.0
2025-12-29 12:26:56,640 INFO [PAPER] quote 43536178424427788735828987673908378253365553329930433399552699130356855282154 bid=0.48 ask=0.52 size=25.0
2025-12-29 12:26:57,250 INFO [PAPER] quote 86832599764820386822274184067233051922704970119929016884243242761158316064623 bid=0.48 ask=0.52 size=25.0
2025-12-29 12:26:57,251 INFO [PAPER] quote 43536178424427788735828987673908378253365553329930433399552699130356855282154 bid=0.48 ask=0.52 size=25.0
2025-12-29 12:26:57,862 INFO [PAPER] quote 86832599764820386822274184067233051922704970119929016884243242761158316064623 bid=0.48 ask=0.52 size=25.0
2025-12-29 12:26:57,863 INFO [PAPER] quote 43536178424427788735828987673908378253365553329930433399552699130356855282154 bid=0.48 ask=0.52 size=25.0
2025-12-29 12:26:58,478 INFO [PAPER] quote 86832599764820386822274184067233051922704970119929016884243242761158316064623 bid=0.48 ask=0.52 size=25.0
2025-12-29 12:26:58,479 INFO [PAPER] quote 43536178424427788735828987673908378253365553329930433399552699130356855282154 bid=0.48 ask=0.52 size=25.0
2025-12-29 12:26:59,089 INFO [PAPER] quote 86832599764820386822274184067233051922704970119929016884243242761158316064623 bid=0.48 ask=0.52 size=25.0
2025-12-29 12:26:59,089 INFO [PAPER] quote 43536178424427788735828987673908378253365553329930433399552699130356855282154 bid=0.48 ask=0.52 size=25.0
2025-12-29 12:26:59,690 INFO [PAPER] quote 86832599764820386822274184067233051922704970119929016884243242761158316064623 bid=0.48 ask=0.52 size=25.0
2025-12-29 12:26:59,690 INFO [PAPER] quote 43536178424427788735828987673908378253365553329930433399552699130356855282154 bid=0.48 ask=0.52 size=25.0
2025-12-29 12:27:00,296 INFO [PAPER] quote 86832599764820386822274184067233051922704970119929016884243242761158316064623 bid=0.48 ask=0.52 size=25.0
2025-12-29 12:27:00,296 INFO [PAPER] quote 43536178424427788735828987673908378253365553329930433399552699130356855282154 bid=0.48 ask=0.52 size=25.0
2025-12-29 12:27:00,911 INFO [PAPER] quote 86832599764820386822274184067233051922704970119929016884243242761158316064623 bid=0.48 ask=0.52 size=25.0
2025-12-29 12:27:00,912 INFO [PAPER] quote 43536178424427788735828987673908378253365553329930433399552699130356855282154 bid=0.48 ask=0.52 size=25.0
2025-12-29 12:27:01,518 INFO [PAPER] quote 86832599764820386822274184067233051922704970119929016884243242761158316064623 bid=0.48 ask=0.52 size=25.0
2025-12-29 12:27:01,518 INFO [PAPER] quote 43536178424427788735828987673908378253365553329930433399552699130356855282154 bid=0.48 ask=0.52 size=25.0
2025-12-29 12:27:02,122 INFO [PAPER] quote 86832599764820386822274184067233051922704970119929016884243242761158316064623 bid=0.48 ask=0.52 size=25.0
2025-12-29 12:27:02,122 INFO [PAPER] quote 43536178424427788735828987673908378253365553329930433399552699130356855282154 bid=0.48 ask=0.52 size=25.0
2025-12-29 12:27:02,723 INFO [PAPER] quote 86832599764820386822274184067233051922704970119929016884243242761158316064623 bid=0.48 ask=0.52 size=25.0
2025-12-29 12:27:02,724 INFO [PAPER] quote 43536178424427788735828987673908378253365553329930433399552699130356855282154 bid=0.48 ask=0.52 size=25.0
2025-12-29 12:27:03,328 INFO [PAPER] quote 86832599764820386822274184067233051922704970119929016884243242761158316064623 bid=0.48 ask=0.52 size=25.0
2025-12-29 12:27:03,329 INFO [PAPER] quote 43536178424427788735828987673908378253365553329930433399552699130356855282154 bid=0.48 ask=0.52 size=25.0
2025-12-29 12:27:03,930 INFO [PAPER] quote 86832599764820386822274184067233051922704970119929016884243242761158316064623 bid=0.48 ask=0.52 size=25.0
2025-12-29 12:27:03,930 INFO [PAPER] quote 43536178424427788735828987673908378253365553329930433399552699130356855282154 bid=0.48 ask=0.52 size=25.0
2025-12-29 12:27:04,534 INFO [PAPER] quote 86832599764820386822274184067233051922704970119929016884243242761158316064623 bid=0.48 ask=0.52 size=25.0
2025-12-29 12:27:04,535 INFO [PAPER] quote 43536178424427788735828987673908378253365553329930433399552699130356855282154 bid=0.48 ask=0.52 size=25.0
2025-12-29 12:27:05,139 INFO [PAPER] quote 86832599764820386822274184067233051922704970119929016884243242761158316064623 bid=0.48 ask=0.52 size=25.0
2025-12-29 12:27:05,139 INFO [PAPER] quote 43536178424427788735828987673908378253365553329930433399552699130356855282154 bid=0.48 ask=0.52 size=25.0
2025-12-29 12:27:05,743 INFO [PAPER] quote 86832599764820386822274184067233051922704970119929016884243242761158316064623 bid=0.48 ask=0.52 size=25.0
2025-12-29 12:27:05,743 INFO [PAPER] quote 43536178424427788735828987673908378253365553329930433399552699130356855282154 bid=0.48 ask=0.52 size=25.0
2025-12-29 12:27:06,345 INFO [PAPER] quote 86832599764820386822274184067233051922704970119929016884243242761158316064623 bid=0.48 ask=0.52 size=25.0
2025-12-29 12:27:06,346 INFO [PAPER] quote 43536178424427788735828987673908378253365553329930433399552699130356855282154 bid=0.48 ask=0.52 size=25.0
2025-12-29 12:27:06,962 INFO [PAPER] quote 86832599764820386822274184067233051922704970119929016884243242761158316064623 bid=0.48 ask=0.52 size=25.0
2025-12-29 12:27:06,962 INFO [PAPER] quote 43536178424427788735828987673908378253365553329930433399552699130356855282154 bid=0.48 ask=0.52 size=25.0
2025-12-29 12:27:07,568 INFO [PAPER] quote 86832599764820386822274184067233051922704970119929016884243242761158316064623 bid=0.48 ask=0.52 size=25.0
2025-12-29 12:27:07,569 INFO [PAPER] quote 43536178424427788735828987673908378253365553329930433399552699130356855282154 bid=0.48 ask=0.52 size=25.0
2025-12-29 12:27:08,173 INFO [PAPER] quote 86832599764820386822274184067233051922704970119929016884243242761158316064623 bid=0.48 ask=0.52 size=25.0
2025-12-29 12:27:08,173 INFO [PAPER] quote 43536178424427788735828987673908378253365553329930433399552699130356855282154 bid=0.48 ask=0.52 size=25.0
2025-12-29 12:27:08,784 INFO [PAPER] quote 86832599764820386822274184067233051922704970119929016884243242761158316064623 bid=0.48 ask=0.52 size=25.0
2025-12-29 12:27:08,785 INFO [PAPER] quote 43536178424427788735828987673908378253365553329930433399552699130356855282154 bid=0.48 ask=0.52 size=25.0
2025-12-29 12:27:09,399 INFO [PAPER] quote 86832599764820386822274184067233051922704970119929016884243242761158316064623 bid=0.48 ask=0.52 size=25.0
2025-12-29 12:27:09,400 INFO [PAPER] quote 43536178424427788735828987673908378253365553329930433399552699130356855282154 bid=0.48 ask=0.52 size=25.0
2025-12-29 12:27:10,007 INFO [PAPER] quote 86832599764820386822274184067233051922704970119929016884243242761158316064623 bid=0.48 ask=0.52 size=25.0
2025-12-29 12:27:10,008 INFO [PAPER] quote 43536178424427788735828987673908378253365553329930433399552699130356855282154 bid=0.48 ask=0.52 size=25.0
2025-12-29 12:27:10,612 INFO [PAPER] quote 86832599764820386822274184067233051922704970119929016884243242761158316064623 bid=0.48 ask=0.52 size=25.0
2025-12-29 12:27:10,613 INFO [PAPER] quote 43536178424427788735828987673908378253365553329930433399552699130356855282154 bid=0.48 ask=0.52 size=25.0
2025-12-29 12:27:11,223 INFO [PAPER] quote 86832599764820386822274184067233051922704970119929016884243242761158316064623 bid=0.48 ask=0.52 size=25.0
2025-12-29 12:27:11,223 INFO [PAPER] quote 43536178424427788735828987673908378253365553329930433399552699130356855282154 bid=0.48 ask=0.52 size=25.0
2025-12-29 12:27:11,824 INFO [PAPER] quote 86832599764820386822274184067233051922704970119929016884243242761158316064623 bid=0.48 ask=0.52 size=25.0
2025-12-29 12:27:11,824 INFO [PAPER] quote 43536178424427788735828987673908378253365553329930433399552699130356855282154 bid=0.48 ask=0.52 size=25.0
2025-12-29 12:27:12,429 INFO [PAPER] quote 86832599764820386822274184067233051922704970119929016884243242761158316064623 bid=0.48 ask=0.52 size=25.0
2025-12-29 12:27:12,429 INFO [PAPER] quote 43536178424427788735828987673908378253365553329930433399552699130356855282154 bid=0.48 ask=0.52 size=25.0
2025-12-29 12:27:13,036 INFO [PAPER] quote 86832599764820386822274184067233051922704970119929016884243242761158316064623 bid=0.48 ask=0.52 size=25.0
2025-12-29 12:27:13,036 INFO [PAPER] quote 43536178424427788735828987673908378253365553329930433399552699130356855282154 bid=0.48 ask=0.52 size=25.0
2025-12-29 12:27:13,640 INFO [PAPER] quote 86832599764820386822274184067233051922704970119929016884243242761158316064623 bid=0.48 ask=0.52 size=25.0
2025-12-29 12:27:13,640 INFO [PAPER] quote 43536178424427788735828987673908378253365553329930433399552699130356855282154 bid=0.48 ask=0.52 size=25.0
2025-12-29 12:27:14,243 INFO [PAPER] quote 86832599764820386822274184067233051922704970119929016884243242761158316064623 bid=0.48 ask=0.52 size=25.0
2025-12-29 12:27:14,243 INFO [PAPER] quote 43536178424427788735828987673908378253365553329930433399552699130356855282154 bid=0.48 ask=0.52 size=25.0
2025-12-29 12:27:14,848 INFO [PAPER] quote 86832599764820386822274184067233051922704970119929016884243242761158316064623 bid=0.48 ask=0.52 size=25.0
2025-12-29 12:27:14,848 INFO [PAPER] quote 43536178424427788735828987673908378253365553329930433399552699130356855282154 bid=0.48 ask=0.52 size=25.0
2025-12-29 12:27:15,457 INFO [PAPER] quote 86832599764820386822274184067233051922704970119929016884243242761158316064623 bid=0.48 ask=0.52 size=25.0
2025-12-29 12:27:15,457 INFO [PAPER] quote 43536178424427788735828987673908378253365553329930433399552699130356855282154 bid=0.48 ask=0.52 size=25.0
2025-12-29 12:27:16,062 INFO [PAPER] quote 86832599764820386822274184067233051922704970119929016884243242761158316064623 bid=0.48 ask=0.52 size=25.0
2025-12-29 12:27:16,063 INFO [PAPER] quote 43536178424427788735828987673908378253365553329930433399552699130356855282154 bid=0.48 ask=0.52 size=25.0
2025-12-29 12:27:16,674 INFO [PAPER] quote 86832599764820386822274184067233051922704970119929016884243242761158316064623 bid=0.48 ask=0.52 size=25.0
2025-12-29 12:27:16,674 INFO [PAPER] quote 43536178424427788735828987673908378253365553329930433399552699130356855282154 bid=0.48 ask=0.52 size=25.0
2025-12-29 12:27:17,279 INFO [PAPER] quote 86832599764820386822274184067233051922704970119929016884243242761158316064623 bid=0.48 ask=0.52 size=25.0
2025-12-29 12:27:17,279 INFO [PAPER] quote 43536178424427788735828987673908378253365553329930433399552699130356855282154 bid=0.48 ask=0.52 size=25.0
2025-12-29 12:27:17,880 INFO [PAPER] quote 86832599764820386822274184067233051922704970119929016884243242761158316064623 bid=0.48 ask=0.52 size=25.0
2025-12-29 12:27:17,880 INFO [PAPER] quote 43536178424427788735828987673908378253365553329930433399552699130356855282154 bid=0.48 ask=0.52 size=25.0
2025-12-29 12:27:18,490 INFO [PAPER] quote 86832599764820386822274184067233051922704970119929016884243242761158316064623 bid=0.48 ask=0.52 size=25.0
2025-12-29 12:27:18,490 INFO [PAPER] quote 43536178424427788735828987673908378253365553329930433399552699130356855282154 bid=0.48 ask=0.52 size=25.0
2025-12-29 12:27:19,095 INFO [PAPER] quote 86832599764820386822274184067233051922704970119929016884243242761158316064623 bid=0.48 ask=0.52 size=25.0
2025-12-29 12:27:19,096 INFO [PAPER] quote 43536178424427788735828987673908378253365553329930433399552699130356855282154 bid=0.48 ask=0.52 size=25.0
2025-12-29 12:27:19,701 INFO [PAPER] quote 86832599764820386822274184067233051922704970119929016884243242761158316064623 bid=0.48 ask=0.52 size=25.0
2025-12-29 12:27:19,701 INFO [PAPER] quote 43536178424427788735828987673908378253365553329930433399552699130356855282154 bid=0.48 ask=0.52 size=25.0
2025-12-29 12:27:20,307 INFO [PAPER] quote 86832599764820386822274184067233051922704970119929016884243242761158316064623 bid=0.48 ask=0.52 size=25.0
2025-12-29 12:27:20,307 INFO [PAPER] quote 43536178424427788735828987673908378253365553329930433399552699130356855282154 bid=0.48 ask=0.52 size=25.0
2025-12-29 12:27:20,912 INFO [PAPER] quote 86832599764820386822274184067233051922704970119929016884243242761158316064623 bid=0.48 ask=0.52 size=25.0
2025-12-29 12:27:20,912 INFO [PAPER] quote 43536178424427788735828987673908378253365553329930433399552699130356855282154 bid=0.48 ask=0.52 size=25.0
2025-12-29 12:27:21,518 INFO [PAPER] quote 86832599764820386822274184067233051922704970119929016884243242761158316064623 bid=0.48 ask=0.52 size=25.0
2025-12-29 12:27:21,518 INFO [PAPER] quote 43536178424427788735828987673908378253365553329930433399552699130356855282154 bid=0.48 ask=0.52 size=25.0
2025-12-29 12:27:22,123 INFO [PAPER] quote 86832599764820386822274184067233051922704970119929016884243242761158316064623 bid=0.48 ask=0.52 size=25.0
2025-12-29 12:27:22,123 INFO [PAPER] quote 43536178424427788735828987673908378253365553329930433399552699130356855282154 bid=0.48 ask=0.52 size=25.0
2025-12-29 12:27:22,732 INFO [PAPER] quote 86832599764820386822274184067233051922704970119929016884243242761158316064623 bid=0.48 ask=0.52 size=25.0
2025-12-29 12:27:22,733 INFO [PAPER] quote 43536178424427788735828987673908378253365553329930433399552699130356855282154 bid=0.48 ask=0.52 size=25.0
2025-12-29 12:27:23,338 INFO [PAPER] quote 86832599764820386822274184067233051922704970119929016884243242761158316064623 bid=0.48 ask=0.52 size=25.0
2025-12-29 12:27:23,339 INFO [PAPER] quote 43536178424427788735828987673908378253365553329930433399552699130356855282154 bid=0.48 ask=0.52 size=25.0
2025-12-29 12:27:23,945 INFO [PAPER] quote 86832599764820386822274184067233051922704970119929016884243242761158316064623 bid=0.48 ask=0.52 size=25.0
2025-12-29 12:27:23,946 INFO [PAPER] quote 43536178424427788735828987673908378253365553329930433399552699130356855282154 bid=0.48 ask=0.52 size=25.0
2025-12-29 12:27:24,557 INFO [PAPER] quote 86832599764820386822274184067233051922704970119929016884243242761158316064623 bid=0.48 ask=0.52 size=25.0
2025-12-29 12:27:24,557 INFO [PAPER] quote 43536178424427788735828987673908378253365553329930433399552699130356855282154 bid=0.48 ask=0.52 size=25.0
2025-12-29 12:27:25,162 INFO [PAPER] quote 86832599764820386822274184067233051922704970119929016884243242761158316064623 bid=0.48 ask=0.52 size=25.0
2025-12-29 12:27:25,163 INFO [PAPER] quote 43536178424427788735828987673908378253365553329930433399552699130356855282154 bid=0.48 ask=0.52 size=25.0
2025-12-29 12:27:25,768 INFO [PAPER] quote 86832599764820386822274184067233051922704970119929016884243242761158316064623 bid=0.48 ask=0.52 size=25.0
2025-12-29 12:27:25,768 INFO [PAPER] quote 43536178424427788735828987673908378253365553329930433399552699130356855282154 bid=0.48 ask=0.52 size=25.0
2025-12-29 12:27:26,372 INFO [PAPER] quote 86832599764820386822274184067233051922704970119929016884243242761158316064623 bid=0.48 ask=0.52 size=25.0
2025-12-29 12:27:26,373 INFO [PAPER] quote 43536178424427788735828987673908378253365553329930433399552699130356855282154 bid=0.48 ask=0.52 size=25.0
2025-12-29 12:27:26,974 INFO [PAPER] quote 86832599764820386822274184067233051922704970119929016884243242761158316064623 bid=0.48 ask=0.52 size=25.0
2025-12-29 12:27:26,974 INFO [PAPER] quote 43536178424427788735828987673908378253365553329930433399552699130356855282154 bid=0.48 ask=0.52 size=25.0
2025-12-29 12:27:27,589 INFO [PAPER] quote 86832599764820386822274184067233051922704970119929016884243242761158316064623 bid=0.48 ask=0.52 size=25.0
2025-12-29 12:27:27,590 INFO [PAPER] quote 43536178424427788735828987673908378253365553329930433399552699130356855282154 bid=0.48 ask=0.52 size=25.0
2025-12-29 12:27:28,495 INFO Scanner picked 2 token(s) via slug-scan
2025-12-29 12:27:28,495 INFO [PAPER] quote 86832599764820386822274184067233051922704970119929016884243242761158316064623 bid=0.48 ask=0.52 size=25.0
2025-12-29 12:27:28,495 INFO [PAPER] quote 43536178424427788735828987673908378253365553329930433399552699130356855282154 bid=0.48 ask=0.52 size=25.0
2025-12-29 12:27:29,103 INFO [PAPER] quote 86832599764820386822274184067233051922704970119929016884243242761158316064623 bid=0.48 ask=0.52 size=25.0
2025-12-29 12:27:29,103 INFO [PAPER] quote 43536178424427788735828987673908378253365553329930433399552699130356855282154 bid=0.48 ask=0.52 size=25.0
2025-12-29 12:27:29,707 INFO [PAPER] quote 86832599764820386822274184067233051922704970119929016884243242761158316064623 bid=0.48 ask=0.52 size=25.0
2025-12-29 12:27:29,707 INFO [PAPER] quote 43536178424427788735828987673908378253365553329930433399552699130356855282154 bid=0.48 ask=0.52 size=25.0
2025-12-29 12:27:30,312 INFO [PAPER] quote 86832599764820386822274184067233051922704970119929016884243242761158316064623 bid=0.48 ask=0.52 size=25.0
2025-12-29 12:27:30,313 INFO [PAPER] quote 43536178424427788735828987673908378253365553329930433399552699130356855282154 bid=0.48 ask=0.52 size=25.0
2025-12-29 12:27:30,927 INFO [PAPER] quote 86832599764820386822274184067233051922704970119929016884243242761158316064623 bid=0.48 ask=0.52 size=25.0
2025-12-29 12:27:30,928 INFO [PAPER] quote 43536178424427788735828987673908378253365553329930433399552699130356855282154 bid=0.48 ask=0.52 size=25.0
2025-12-29 12:27:31,528 INFO [PAPER] quote 86832599764820386822274184067233051922704970119929016884243242761158316064623 bid=0.48 ask=0.52 size=25.0
2025-12-29 12:27:31,528 INFO [PAPER] quote 43536178424427788735828987673908378253365553329930433399552699130356855282154 bid=0.48 ask=0.52 size=25.0
2025-12-29 12:27:32,133 INFO [PAPER] quote 86832599764820386822274184067233051922704970119929016884243242761158316064623 bid=0.48 ask=0.52 size=25.0
2025-12-29 12:27:32,133 INFO [PAPER] quote 43536178424427788735828987673908378253365553329930433399552699130356855282154 bid=0.48 ask=0.52 size=25.0
2025-12-29 12:27:32,734 INFO [PAPER] quote 86832599764820386822274184067233051922704970119929016884243242761158316064623 bid=0.48 ask=0.52 size=25.0
2025-12-29 12:27:32,735 INFO [PAPER] quote 43536178424427788735828987673908378253365553329930433399552699130356855282154 bid=0.48 ask=0.52 size=25.0
2025-12-29 12:27:33,340 INFO [PAPER] quote 86832599764820386822274184067233051922704970119929016884243242761158316064623 bid=0.48 ask=0.52 size=25.0
2025-12-29 12:27:33,340 INFO [PAPER] quote 43536178424427788735828987673908378253365553329930433399552699130356855282154 bid=0.48 ask=0.52 size=25.0
2025-12-29 12:27:33,950 INFO [PAPER] quote 86832599764820386822274184067233051922704970119929016884243242761158316064623 bid=0.48 ask=0.52 size=25.0
2025-12-29 12:27:33,950 INFO [PAPER] quote 43536178424427788735828987673908378253365553329930433399552699130356855282154 bid=0.48 ask=0.52 size=25.0
2025-12-29 12:27:34,551 INFO [PAPER] quote 86832599764820386822274184067233051922704970119929016884243242761158316064623 bid=0.48 ask=0.52 size=25.0
2025-12-29 12:27:34,551 INFO [PAPER] quote 43536178424427788735828987673908378253365553329930433399552699130356855282154 bid=0.48 ask=0.52 size=25.0
2025-12-29 12:27:35,156 INFO [PAPER] quote 86832599764820386822274184067233051922704970119929016884243242761158316064623 bid=0.48 ask=0.52 size=25.0
2025-12-29 12:27:35,157 INFO [PAPER] quote 43536178424427788735828987673908378253365553329930433399552699130356855282154 bid=0.48 ask=0.52 size=25.0
2025-12-29 12:27:35,762 INFO [PAPER] quote 86832599764820386822274184067233051922704970119929016884243242761158316064623 bid=0.48 ask=0.52 size=25.0
2025-12-29 12:27:35,763 INFO [PAPER] quote 43536178424427788735828987673908378253365553329930433399552699130356855282154 bid=0.48 ask=0.52 size=25.0
2025-12-29 12:27:36,367 INFO [PAPER] quote 86832599764820386822274184067233051922704970119929016884243242761158316064623 bid=0.48 ask=0.52 size=25.0
2025-12-29 12:27:36,368 INFO [PAPER] quote 43536178424427788735828987673908378253365553329930433399552699130356855282154 bid=0.48 ask=0.52 size=25.0
2025-12-29 12:27:36,970 INFO [PAPER] quote 86832599764820386822274184067233051922704970119929016884243242761158316064623 bid=0.48 ask=0.52 size=25.0
2025-12-29 12:27:36,971 INFO [PAPER] quote 43536178424427788735828987673908378253365553329930433399552699130356855282154 bid=0.48 ask=0.52 size=25.0
2025-12-29 12:27:37,580 INFO [PAPER] quote 86832599764820386822274184067233051922704970119929016884243242761158316064623 bid=0.48 ask=0.52 size=25.0
2025-12-29 12:27:37,581 INFO [PAPER] quote 43536178424427788735828987673908378253365553329930433399552699130356855282154 bid=0.48 ask=0.52 size=25.0
2025-12-29 12:27:38,181 INFO [PAPER] quote 86832599764820386822274184067233051922704970119929016884243242761158316064623 bid=0.48 ask=0.52 size=25.0
2025-12-29 12:27:38,181 INFO [PAPER] quote 43536178424427788735828987673908378253365553329930433399552699130356855282154 bid=0.48 ask=0.52 size=25.0
2025-12-29 12:27:38,784 INFO [PAPER] quote 86832599764820386822274184067233051922704970119929016884243242761158316064623 bid=0.48 ask=0.52 size=25.0
2025-12-29 12:27:38,784 INFO [PAPER] quote 43536178424427788735828987673908378253365553329930433399552699130356855282154 bid=0.48 ask=0.52 size=25.0
2025-12-29 12:27:39,390 INFO [PAPER] quote 86832599764820386822274184067233051922704970119929016884243242761158316064623 bid=0.48 ask=0.52 size=25.0
2025-12-29 12:27:39,390 INFO [PAPER] quote 43536178424427788735828987673908378253365553329930433399552699130356855282154 bid=0.48 ask=0.52 size=25.0
2025-12-29 12:27:39,995 INFO [PAPER] quote 86832599764820386822274184067233051922704970119929016884243242761158316064623 bid=0.48 ask=0.52 size=25.0
2025-12-29 12:27:39,996 INFO [PAPER] quote 43536178424427788735828987673908378253365553329930433399552699130356855282154 bid=0.48 ask=0.52 size=25.0
2025-12-29 12:27:40,605 INFO [PAPER] quote 86832599764820386822274184067233051922704970119929016884243242761158316064623 bid=0.48 ask=0.52 size=25.0
2025-12-29 12:27:40,605 INFO [PAPER] quote 43536178424427788735828987673908378253365553329930433399552699130356855282154 bid=0.48 ask=0.52 size=25.0
2025-12-29 12:27:41,207 INFO [PAPER] quote 86832599764820386822274184067233051922704970119929016884243242761158316064623 bid=0.48 ask=0.52 size=25.0
2025-12-29 12:27:41,207 INFO [PAPER] quote 43536178424427788735828987673908378253365553329930433399552699130356855282154 bid=0.48 ask=0.52 size=25.0
2025-12-29 12:27:41,812 INFO [PAPER] quote 86832599764820386822274184067233051922704970119929016884243242761158316064623 bid=0.48 ask=0.52 size=25.0
2025-12-29 12:27:41,813 INFO [PAPER] quote 43536178424427788735828987673908378253365553329930433399552699130356855282154 bid=0.48 ask=0.52 size=25.0
2025-12-29 12:27:42,416 INFO [PAPER] quote 86832599764820386822274184067233051922704970119929016884243242761158316064623 bid=0.48 ask=0.52 size=25.0
2025-12-29 12:27:42,416 INFO [PAPER] quote 43536178424427788735828987673908378253365553329930433399552699130356855282154 bid=0.48 ask=0.52 size=25.0
2025-12-29 12:27:43,023 INFO [PAPER] quote 86832599764820386822274184067233051922704970119929016884243242761158316064623 bid=0.48 ask=0.52 size=25.0
2025-12-29 12:27:43,023 INFO [PAPER] quote 43536178424427788735828987673908378253365553329930433399552699130356855282154 bid=0.48 ask=0.52 size=25.0
2025-12-29 12:27:43,634 INFO [PAPER] quote 86832599764820386822274184067233051922704970119929016884243242761158316064623 bid=0.48 ask=0.52 size=25.0
2025-12-29 12:27:43,634 INFO [PAPER] quote 43536178424427788735828987673908378253365553329930433399552699130356855282154 bid=0.48 ask=0.52 size=25.0
2025-12-29 12:27:44,239 INFO [PAPER] quote 86832599764820386822274184067233051922704970119929016884243242761158316064623 bid=0.48 ask=0.52 size=25.0
2025-12-29 12:27:44,239 INFO [PAPER] quote 43536178424427788735828987673908378253365553329930433399552699130356855282154 bid=0.48 ask=0.52 size=25.0
2025-12-29 12:27:44,844 INFO [PAPER] quote 86832599764820386822274184067233051922704970119929016884243242761158316064623 bid=0.48 ask=0.52 size=25.0
2025-12-29 12:27:44,844 INFO [PAPER] quote 43536178424427788735828987673908378253365553329930433399552699130356855282154 bid=0.48 ask=0.52 size=25.0
2025-12-29 12:27:45,457 INFO [PAPER] quote 86832599764820386822274184067233051922704970119929016884243242761158316064623 bid=0.48 ask=0.52 size=25.0
2025-12-29 12:27:45,457 INFO [PAPER] quote 43536178424427788735828987673908378253365553329930433399552699130356855282154 bid=0.48 ask=0.52 size=25.0
