2025-12-29 10:43:40,894 INFO Starting bot mode=paper
2025-12-29 10:43:40,894 WARNING [PAPER] cancel_all markets=2
2025-12-29 10:43:41,136 INFO WS connected: wss://ws-subscriptions-clob.polymarket.com/ws/market
2025-12-29 10:43:41,137 INFO Subscribed assets=2
2025-12-29 10:43:41,190 WARNING WS disconnected: 'list' object has no attribute 'get'
2025-12-29 10:43:41,499 WARNING [PAPER] cancel_all markets=2
2025-12-29 10:43:42,106 WARNING [PAPER] cancel_all markets=2
2025-12-29 10:43:42,722 WARNING [PAPER] cancel_all markets=2
2025-12-29 10:43:43,326 WARNING [PAPER] cancel_all markets=2
2025-12-29 10:43:43,330 INFO WS connected: wss://ws-subscriptions-clob.polymarket.com/ws/market
2025-12-29 10:43:43,330 INFO Subscribed assets=2
2025-12-29 10:43:43,368 WARNING WS disconnected: 'list' object has no attribute 'get'
2025-12-29 10:43:43,943 WARNING [PAPER] cancel_all markets=2
2025-12-29 10:43:44,547 WARNING [PAPER] cancel_all markets=2
2025-12-29 10:43:45,156 WARNING [PAPER] cancel_all markets=2
2025-12-29 10:43:45,511 INFO WS connected: wss://ws-subscriptions-clob.polymarket.com/ws/market
2025-12-29 10:43:45,511 INFO Subscribed assets=2
2025-12-29 10:43:45,561 WARNING WS disconnected: 'list' object has no attribute 'get'
2025-12-29 10:43:45,759 WARNING [PAPER] cancel_all markets=2
2025-12-29 10:43:46,375 WARNING [PAPER] cancel_all markets=2
2025-12-29 10:43:46,977 WARNING [PAPER] cancel_all markets=2
2025-12-29 10:43:47,579 WARNING [PAPER] cancel_all markets=2
2025-12-29 10:43:47,730 INFO WS connected: wss://ws-subscriptions-clob.polymarket.com/ws/market
2025-12-29 10:43:47,731 INFO Subscribed assets=2
2025-12-29 10:43:47,780 WARNING WS disconnected: 'list' object has no attribute 'get'
2025-12-29 10:43:48,186 WARNING [PAPER] cancel_all markets=2
2025-12-29 10:43:48,794 WARNING [PAPER] cancel_all markets=2
2025-12-29 10:43:49,397 WARNING [PAPER] cancel_all markets=2
2025-12-29 10:43:49,916 INFO WS connected: wss://ws-subscriptions-clob.polymarket.com/ws/market
2025-12-29 10:43:49,916 INFO Subscribed assets=2
2025-12-29 10:43:49,958 WARNING WS disconnected: 'list' object has no attribute 'get'
2025-12-29 10:43:50,013 WARNING [PAPER] cancel_all markets=2
2025-12-29 10:43:50,632 WARNING [PAPER] cancel_all markets=2
2025-12-29 10:43:51,239 WARNING [PAPER] cancel_all markets=2
2025-12-29 10:43:51,855 WARNING [PAPER] cancel_all markets=2
2025-12-29 10:43:52,150 INFO WS connected: wss://ws-subscriptions-clob.polymarket.com/ws/market
2025-12-29 10:43:52,151 INFO Subscribed assets=2
2025-12-29 10:43:52,243 WARNING WS disconnected: 'list' object has no attribute 'get'
2025-12-29 10:43:52,459 WARNING [PAPER] cancel_all markets=2
2025-12-29 10:43:53,069 WARNING [PAPER] cancel_all markets=2
2025-12-29 10:43:53,672 WARNING [PAPER] cancel_all markets=2
2025-12-29 10:43:54,278 WARNING [PAPER] cancel_all markets=2
2025-12-29 10:43:54,377 INFO WS connected: wss://ws-subscriptions-clob.polymarket.com/ws/market
2025-12-29 10:43:54,378 INFO Subscribed assets=2
2025-12-29 10:43:54,414 WARNING WS disconnected: 'list' object has no attribute 'get'
2025-12-29 10:43:54,887 WARNING [PAPER] cancel_all markets=2
2025-12-29 10:43:55,495 WARNING [PAPER] cancel_all markets=2
2025-12-29 10:43:56,109 WARNING [PAPER] cancel_all markets=2
2025-12-29 10:43:56,571 INFO WS connected: wss://ws-subscriptions-clob.polymarket.com/ws/market
2025-12-29 10:43:56,572 INFO Subscribed assets=2
2025-12-29 10:43:56,621 WARNING WS disconnected: 'list' object has no attribute 'get'
2025-12-29 10:43:56,721 WARNING [PAPER] cancel_all markets=2
2025-12-29 10:43:57,328 WARNING [PAPER] cancel_all markets=2
2025-12-29 10:43:57,941 WARNING [PAPER] cancel_all markets=2
2025-12-29 10:43:58,542 WARNING [PAPER] cancel_all markets=2
2025-12-29 10:43:58,769 INFO WS connected: wss://ws-subscriptions-clob.polymarket.com/ws/market
2025-12-29 10:43:58,769 INFO Subscribed assets=2
2025-12-29 10:43:58,807 WARNING WS disconnected: 'list' object has no attribute 'get'
2025-12-29 10:43:59,152 WARNING [PAPER] cancel_all markets=2
2025-12-29 10:43:59,767 WARNING [PAPER] cancel_all markets=2
2025-12-29 10:44:00,370 WARNING [PAPER] cancel_all markets=2
2025-12-29 10:44:00,941 INFO WS connected: wss://ws-subscriptions-clob.polymarket.com/ws/market
2025-12-29 10:44:00,941 INFO Subscribed assets=2
2025-12-29 10:44:00,995 WARNING WS disconnected: 'list' object has no attribute 'get'
2025-12-29 10:44:01,589 WARNING [PAPER] cancel_all markets=2
2025-12-29 10:44:02,193 WARNING [PAPER] cancel_all markets=2
2025-12-29 10:44:02,794 WARNING [PAPER] cancel_all markets=2
2025-12-29 10:44:03,138 INFO WS connected: wss://ws-subscriptions-clob.polymarket.com/ws/market
2025-12-29 10:44:03,138 INFO Subscribed assets=2
2025-12-29 10:44:03,179 WARNING WS disconnected: 'list' object has no attribute 'get'
2025-12-29 10:44:03,409 WARNING [PAPER] cancel_all markets=2
2025-12-29 10:44:04,010 WARNING [PAPER] cancel_all markets=2
2025-12-29 10:44:04,616 WARNING [PAPER] cancel_all markets=2
2025-12-29 10:44:05,219 WARNING [PAPER] cancel_all markets=2
2025-12-29 10:44:05,325 INFO WS connected: wss://ws-subscriptions-clob.polymarket.com/ws/market
2025-12-29 10:44:05,326 INFO Subscribed assets=2
2025-12-29 10:44:05,363 WARNING WS disconnected: 'list' object has no attribute 'get'
2025-12-29 10:44:05,820 WARNING [PAPER] cancel_all markets=2
2025-12-29 10:44:06,431 WARNING [PAPER] cancel_all markets=2
2025-12-29 10:44:07,040 WARNING [PAPER] cancel_all markets=2
2025-12-29 10:44:07,499 INFO WS connected: wss://ws-subscriptions-clob.polymarket.com/ws/market
2025-12-29 10:44:07,500 INFO Subscribed assets=2
2025-12-29 10:44:07,546 WARNING WS disconnected: 'list' object has no attribute 'get'
2025-12-29 10:44:07,648 WARNING [PAPER] cancel_all markets=2
2025-12-29 10:44:08,252 WARNING [PAPER] cancel_all markets=2
2025-12-29 10:44:08,855 WARNING [PAPER] cancel_all markets=2
2025-12-29 10:44:09,470 WARNING [PAPER] cancel_all markets=2
2025-12-29 10:44:09,682 INFO WS connected: wss://ws-subscriptions-clob.polymarket.com/ws/market
2025-12-29 10:44:09,683 INFO Subscribed assets=2
2025-12-29 10:44:09,723 WARNING WS disconnected: 'list' object has no attribute 'get'
2025-12-29 10:44:10,071 WARNING [PAPER] cancel_all markets=2
2025-12-29 10:44:10,675 WARNING [PAPER] cancel_all markets=2
2025-12-29 10:44:11,291 WARNING [PAPER] cancel_all markets=2
2025-12-29 10:44:11,903 INFO WS connected: wss://ws-subscriptions-clob.polymarket.com/ws/market
2025-12-29 10:44:11,903 INFO Subscribed assets=2
2025-12-29 10:44:11,962 WARNING WS disconnected: 'list' object has no attribute 'get'
2025-12-29 10:44:12,505 WARNING [PAPER] cancel_all markets=2
2025-12-29 10:44:13,119 WARNING [PAPER] cancel_all markets=2
2025-12-29 10:44:13,721 WARNING [PAPER] cancel_all markets=2
2025-12-29 10:44:14,131 INFO WS connected: wss://ws-subscriptions-clob.polymarket.com/ws/market
2025-12-29 10:44:14,131 INFO Subscribed assets=2
2025-12-29 10:44:14,169 WARNING WS disconnected: 'list' object has no attribute 'get'
2025-12-29 10:44:14,324 WARNING [PAPER] cancel_all markets=2
2025-12-29 10:44:14,926 WARNING [PAPER] cancel_all markets=2
2025-12-29 10:44:15,531 WARNING [PAPER] cancel_all markets=2
2025-12-29 10:44:16,140 WARNING [PAPER] cancel_all markets=2
2025-12-29 10:44:16,334 INFO WS connected: wss://ws-subscriptions-clob.polymarket.com/ws/market
2025-12-29 10:44:16,334 INFO Subscribed assets=2
2025-12-29 10:44:16,384 WARNING WS disconnected: 'list' object has no attribute 'get'
2025-12-29 10:44:16,756 WARNING [PAPER] cancel_all markets=2
2025-12-29 10:44:17,361 WARNING [PAPER] cancel_all markets=2
2025-12-29 10:44:17,976 WARNING [PAPER] cancel_all markets=2
2025-12-29 10:44:18,571 INFO WS connected: wss://ws-subscriptions-clob.polymarket.com/ws/market
2025-12-29 10:44:18,571 INFO Subscribed assets=2
2025-12-29 10:44:18,629 WARNING WS disconnected: 'list' object has no attribute 'get'
2025-12-29 10:44:19,182 WARNING [PAPER] cancel_all markets=2
2025-12-29 10:44:19,785 WARNING [PAPER] cancel_all markets=2
2025-12-29 10:44:20,394 WARNING [PAPER] cancel_all markets=2
2025-12-29 10:44:20,775 INFO WS connected: wss://ws-subscriptions-clob.polymarket.com/ws/market
2025-12-29 10:44:20,775 INFO Subscribed assets=2
2025-12-29 10:44:20,814 WARNING WS disconnected: 'list' object has no attribute 'get'
2025-12-29 10:44:20,999 WARNING [PAPER] cancel_all markets=2
2025-12-29 10:44:21,614 WARNING [PAPER] cancel_all markets=2
2025-12-29 10:44:22,230 WARNING [PAPER] cancel_all markets=2
2025-12-29 10:44:22,840 WARNING [PAPER] cancel_all markets=2
2025-12-29 10:44:22,970 INFO WS connected: wss://ws-subscriptions-clob.polymarket.com/ws/market
2025-12-29 10:44:22,970 INFO Subscribed assets=2
2025-12-29 10:44:23,018 WARNING WS disconnected: 'list' object has no attribute 'get'
2025-12-29 10:44:23,449 WARNING [PAPER] cancel_all markets=2
2025-12-29 10:44:24,056 WARNING [PAPER] cancel_all markets=2
2025-12-29 10:44:24,664 WARNING [PAPER] cancel_all markets=2
2025-12-29 10:44:25,175 INFO WS connected: wss://ws-subscriptions-clob.polymarket.com/ws/market
2025-12-29 10:44:25,175 INFO Subscribed assets=2
2025-12-29 10:44:25,215 WARNING WS disconnected: 'list' object has no attribute 'get'
2025-12-29 10:44:25,277 WARNING [PAPER] cancel_all markets=2
2025-12-29 10:44:25,893 WARNING [PAPER] cancel_all markets=2
2025-12-29 10:44:26,508 WARNING [PAPER] cancel_all markets=2
2025-12-29 10:44:27,109 WARNING [PAPER] cancel_all markets=2
2025-12-29 10:44:27,381 INFO WS connected: wss://ws-subscriptions-clob.polymarket.com/ws/market
2025-12-29 10:44:27,381 INFO Subscribed assets=2
2025-12-29 10:44:27,429 WARNING WS disconnected: 'list' object has no attribute 'get'
2025-12-29 10:44:27,714 WARNING [PAPER] cancel_all markets=2
2025-12-29 10:44:28,325 WARNING [PAPER] cancel_all markets=2
2025-12-29 10:44:28,926 WARNING [PAPER] cancel_all markets=2
2025-12-29 10:44:29,536 WARNING [PAPER] cancel_all markets=2
2025-12-29 10:44:29,558 INFO WS connected: wss://ws-subscriptions-clob.polymarket.com/ws/market
2025-12-29 10:44:29,558 INFO Subscribed assets=2
2025-12-29 10:44:29,599 WARNING WS disconnected: 'list' object has no attribute 'get'
2025-12-29 10:44:30,141 WARNING [PAPER] cancel_all markets=2
2025-12-29 10:44:30,753 WARNING [PAPER] cancel_all markets=2
2025-12-29 10:44:31,369 WARNING [PAPER] cancel_all markets=2
2025-12-29 10:44:31,750 INFO WS connected: wss://ws-subscriptions-clob.polymarket.com/ws/market
2025-12-29 10:44:31,751 INFO Subscribed assets=2
2025-12-29 10:44:31,798 WARNING WS disconnected: 'list' object has no attribute 'get'
2025-12-29 10:44:31,976 WARNING [PAPER] cancel_all markets=2
2025-12-29 10:44:32,578 WARNING [PAPER] cancel_all markets=2
2025-12-29 10:44:33,182 WARNING [PAPER] cancel_all markets=2
2025-12-29 10:44:33,792 WARNING [PAPER] cancel_all markets=2
2025-12-29 10:44:33,941 INFO WS connected: wss://ws-subscriptions-clob.polymarket.com/ws/market
2025-12-29 10:44:33,941 INFO Subscribed assets=2
2025-12-29 10:44:33,979 WARNING WS disconnected: 'list' object has no attribute 'get'
2025-12-29 10:44:34,393 WARNING [PAPER] cancel_all markets=2
2025-12-29 10:44:35,004 WARNING [PAPER] cancel_all markets=2
2025-12-29 10:44:35,616 WARNING [PAPER] cancel_all markets=2
2025-12-29 10:44:36,136 INFO WS connected: wss://ws-subscriptions-clob.polymarket.com/ws/market
2025-12-29 10:44:36,136 INFO Subscribed assets=2
2025-12-29 10:44:36,182 WARNING WS disconnected: 'list' object has no attribute 'get'
2025-12-29 10:44:36,216 WARNING [PAPER] cancel_all markets=2
2025-12-29 10:44:36,818 WARNING [PAPER] cancel_all markets=2
2025-12-29 10:44:37,421 WARNING [PAPER] cancel_all markets=2
2025-12-29 10:44:38,031 WARNING [PAPER] cancel_all markets=2
2025-12-29 10:44:38,319 INFO WS connected: wss://ws-subscriptions-clob.polymarket.com/ws/market
2025-12-29 10:44:38,319 INFO Subscribed assets=2
2025-12-29 10:44:38,359 WARNING WS disconnected: 'list' object has no attribute 'get'
2025-12-29 10:44:38,634 WARNING [PAPER] cancel_all markets=2
2025-12-29 10:44:39,244 WARNING [PAPER] cancel_all markets=2
2025-12-29 10:44:39,850 WARNING [PAPER] cancel_all markets=2
2025-12-29 10:44:40,455 WARNING [PAPER] cancel_all markets=2
2025-12-29 10:44:40,511 INFO WS connected: wss://ws-subscriptions-clob.polymarket.com/ws/market
2025-12-29 10:44:40,511 INFO Subscribed assets=2
2025-12-29 10:44:40,595 WARNING WS disconnected: 'list' object has no attribute 'get'
2025-12-29 10:44:41,056 WARNING [PAPER] cancel_all markets=2
2025-12-29 10:44:41,663 WARNING [PAPER] cancel_all markets=2
2025-12-29 10:44:42,265 WARNING [PAPER] cancel_all markets=2
2025-12-29 10:44:42,735 INFO WS connected: wss://ws-subscriptions-clob.polymarket.com/ws/market
2025-12-29 10:44:42,736 INFO Subscribed assets=2
2025-12-29 10:44:42,774 WARNING WS disconnected: 'list' object has no attribute 'get'
2025-12-29 10:44:42,876 WARNING [PAPER] cancel_all markets=2
2025-12-29 10:44:43,482 WARNING [PAPER] cancel_all markets=2
2025-12-29 10:44:44,096 WARNING [PAPER] cancel_all markets=2
2025-12-29 10:44:44,710 WARNING [PAPER] cancel_all markets=2
2025-12-29 10:44:44,915 INFO WS connected: wss://ws-subscriptions-clob.polymarket.com/ws/market
2025-12-29 10:44:44,915 INFO Subscribed assets=2
2025-12-29 10:44:44,954 WARNING WS disconnected: 'list' object has no attribute 'get'
2025-12-29 10:44:45,326 WARNING [PAPER] cancel_all markets=2
2025-12-29 10:44:45,927 WARNING [PAPER] cancel_all markets=2
2025-12-29 10:44:46,534 WARNING [PAPER] cancel_all markets=2
2025-12-29 10:44:47,087 INFO WS connected: wss://ws-subscriptions-clob.polymarket.com/ws/market
2025-12-29 10:44:47,088 INFO Subscribed assets=2
2025-12-29 10:44:47,130 WARNING WS disconnected: 'list' object has no attribute 'get'
2025-12-29 10:44:47,138 WARNING [PAPER] cancel_all markets=2
2025-12-29 10:44:47,744 WARNING [PAPER] cancel_all markets=2
2025-12-29 10:44:48,349 WARNING [PAPER] cancel_all markets=2
2025-12-29 10:44:48,955 WARNING [PAPER] cancel_all markets=2
2025-12-29 10:44:49,284 INFO WS connected: wss://ws-subscriptions-clob.polymarket.com/ws/market
2025-12-29 10:44:49,284 INFO Subscribed assets=2
2025-12-29 10:44:49,322 WARNING WS disconnected: 'list' object has no attribute 'get'
2025-12-29 10:44:49,562 WARNING [PAPER] cancel_all markets=2
2025-12-29 10:44:50,165 WARNING [PAPER] cancel_all markets=2
2025-12-29 10:44:50,777 WARNING [PAPER] cancel_all markets=2
2025-12-29 10:44:51,388 WARNING [PAPER] cancel_all markets=2
2025-12-29 10:44:51,462 INFO WS connected: wss://ws-subscriptions-clob.polymarket.com/ws/market
2025-12-29 10:44:51,462 INFO Subscribed assets=2
2025-12-29 10:44:51,507 WARNING WS disconnected: 'list' object has no attribute 'get'
2025-12-29 10:44:51,993 WARNING [PAPER] cancel_all markets=2
2025-12-29 10:44:52,600 WARNING [PAPER] cancel_all markets=2
2025-12-29 10:44:53,205 WARNING [PAPER] cancel_all markets=2
2025-12-29 10:44:53,658 INFO WS connected: wss://ws-subscriptions-clob.polymarket.com/ws/market
2025-12-29 10:44:53,658 INFO Subscribed assets=2
2025-12-29 10:44:53,701 WARNING WS disconnected: 'list' object has no attribute 'get'
2025-12-29 10:44:53,813 WARNING [PAPER] cancel_all markets=2
2025-12-29 10:44:54,419 WARNING [PAPER] cancel_all markets=2
2025-12-29 10:44:55,030 WARNING [PAPER] cancel_all markets=2
2025-12-29 10:44:55,639 WARNING [PAPER] cancel_all markets=2
2025-12-29 10:44:55,835 INFO WS connected: wss://ws-subscriptions-clob.polymarket.com/ws/market
2025-12-29 10:44:55,835 INFO Subscribed assets=2
2025-12-29 10:44:55,877 WARNING WS disconnected: 'list' object has no attribute 'get'
2025-12-29 10:44:56,241 WARNING [PAPER] cancel_all markets=2
2025-12-29 10:44:56,853 WARNING [PAPER] cancel_all markets=2
2025-12-29 10:44:57,460 WARNING [PAPER] cancel_all markets=2
2025-12-29 10:44:58,011 INFO WS connected: wss://ws-subscriptions-clob.polymarket.com/ws/market
2025-12-29 10:44:58,011 INFO Subscribed assets=2
2025-12-29 10:44:58,055 WARNING WS disconnected: 'list' object has no attribute 'get'
2025-12-29 10:44:58,065 WARNING [PAPER] cancel_all markets=2
2025-12-29 10:44:58,666 WARNING [PAPER] cancel_all markets=2
2025-12-29 10:44:59,271 WARNING [PAPER] cancel_all markets=2
2025-12-29 10:44:59,872 WARNING [PAPER] cancel_all markets=2
2025-12-29 10:45:00,202 INFO WS connected: wss://ws-subscriptions-clob.polymarket.com/ws/market
2025-12-29 10:45:00,202 INFO Subscribed assets=2
2025-12-29 10:45:00,244 WARNING WS disconnected: 'list' object has no attribute 'get'
2025-12-29 10:45:00,477 WARNING [PAPER] cancel_all markets=2
2025-12-29 10:45:01,092 WARNING [PAPER] cancel_all markets=2
2025-12-29 10:45:01,698 WARNING [PAPER] cancel_all markets=2
2025-12-29 10:45:02,305 WARNING [PAPER] cancel_all markets=2
2025-12-29 10:45:02,382 INFO WS connected: wss://ws-subscriptions-clob.polymarket.com/ws/market
2025-12-29 10:45:02,382 INFO Subscribed assets=2
2025-12-29 10:45:02,422 WARNING WS disconnected: 'list' object has no attribute 'get'
2025-12-29 10:45:02,918 WARNING [PAPER] cancel_all markets=2
2025-12-29 10:45:03,522 WARNING [PAPER] cancel_all markets=2
2025-12-29 10:45:04,127 WARNING [PAPER] cancel_all markets=2
2025-12-29 10:45:04,561 INFO WS connected: wss://ws-subscriptions-clob.polymarket.com/ws/market
2025-12-29 10:45:04,561 INFO Subscribed assets=2
2025-12-29 10:45:04,602 WARNING WS disconnected: 'list' object has no attribute 'get'
2025-12-29 10:45:04,733 WARNING [PAPER] cancel_all markets=2
2025-12-29 10:45:05,344 WARNING [PAPER] cancel_all markets=2
2025-12-29 10:45:05,949 WARNING [PAPER] cancel_all markets=2
2025-12-29 10:45:06,551 WARNING [PAPER] cancel_all markets=2
2025-12-29 10:45:06,750 INFO WS connected: wss://ws-subscriptions-clob.polymarket.com/ws/market
2025-12-29 10:45:06,750 INFO Subscribed assets=2
2025-12-29 10:45:06,796 WARNING WS disconnected: 'list' object has no attribute 'get'
2025-12-29 10:45:07,152 WARNING [PAPER] cancel_all markets=2
2025-12-29 10:45:07,756 WARNING [PAPER] cancel_all markets=2
2025-12-29 10:45:08,360 WARNING [PAPER] cancel_all markets=2
2025-12-29 10:45:08,930 INFO WS connected: wss://ws-subscriptions-clob.polymarket.com/ws/market
2025-12-29 10:45:08,930 INFO Subscribed assets=2
2025-12-29 10:45:08,966 WARNING WS disconnected: 'list' object has no attribute 'get'
2025-12-29 10:45:09,567 WARNING [PAPER] cancel_all markets=2
2025-12-29 10:45:10,172 WARNING [PAPER] cancel_all markets=2
2025-12-29 10:45:10,776 WARNING [PAPER] cancel_all markets=2
2025-12-29 10:45:11,132 INFO WS connected: wss://ws-subscriptions-clob.polymarket.com/ws/market
2025-12-29 10:45:11,133 INFO Subscribed assets=2
2025-12-29 10:45:11,200 WARNING WS disconnected: 'list' object has no attribute 'get'
2025-12-29 10:45:11,378 WARNING [PAPER] cancel_all markets=2
2025-12-29 10:45:11,989 WARNING [PAPER] cancel_all markets=2
2025-12-29 10:45:12,598 WARNING [PAPER] cancel_all markets=2
2025-12-29 10:45:13,200 WARNING [PAPER] cancel_all markets=2
2025-12-29 10:45:13,337 INFO WS connected: wss://ws-subscriptions-clob.polymarket.com/ws/market
2025-12-29 10:45:13,337 INFO Subscribed assets=2
2025-12-29 10:45:13,374 WARNING WS disconnected: 'list' object has no attribute 'get'
2025-12-29 10:45:13,814 WARNING [PAPER] cancel_all markets=2
2025-12-29 10:45:14,416 WARNING [PAPER] cancel_all markets=2
2025-12-29 10:45:15,026 WARNING [PAPER] cancel_all markets=2
2025-12-29 10:45:15,516 INFO WS connected: wss://ws-subscriptions-clob.polymarket.com/ws/market
2025-12-29 10:45:15,517 INFO Subscribed assets=2
2025-12-29 10:45:15,562 WARNING WS disconnected: 'list' object has no attribute 'get'
2025-12-29 10:45:15,634 WARNING [PAPER] cancel_all markets=2
2025-12-29 10:45:16,243 WARNING [PAPER] cancel_all markets=2
2025-12-29 10:45:16,849 WARNING [PAPER] cancel_all markets=2
2025-12-29 10:45:17,455 WARNING [PAPER] cancel_all markets=2
2025-12-29 10:45:17,700 INFO WS connected: wss://ws-subscriptions-clob.polymarket.com/ws/market
2025-12-29 10:45:17,701 INFO Subscribed assets=2
2025-12-29 10:45:17,734 WARNING WS disconnected: 'list' object has no attribute 'get'
2025-12-29 10:45:18,059 WARNING [PAPER] cancel_all markets=2
2025-12-29 10:45:18,670 WARNING [PAPER] cancel_all markets=2
2025-12-29 10:45:19,271 WARNING [PAPER] cancel_all markets=2
2025-12-29 10:45:19,868 INFO WS connected: wss://ws-subscriptions-clob.polymarket.com/ws/market
2025-12-29 10:45:19,868 INFO Subscribed assets=2
2025-12-29 10:45:19,901 WARNING WS disconnected: 'list' object has no attribute 'get'
2025-12-29 10:45:20,482 WARNING [PAPER] cancel_all markets=2
2025-12-29 10:45:21,092 WARNING [PAPER] cancel_all markets=2
2025-12-29 10:45:21,693 WARNING [PAPER] cancel_all markets=2
2025-12-29 10:45:22,056 INFO WS connected: wss://ws-subscriptions-clob.polymarket.com/ws/market
2025-12-29 10:45:22,056 INFO Subscribed assets=2
2025-12-29 10:45:22,097 WARNING WS disconnected: 'list' object has no attribute 'get'
2025-12-29 10:45:22,310 WARNING [PAPER] cancel_all markets=2
2025-12-29 10:45:22,921 WARNING [PAPER] cancel_all markets=2
2025-12-29 10:45:23,537 WARNING [PAPER] cancel_all markets=2
2025-12-29 10:45:24,144 WARNING [PAPER] cancel_all markets=2
2025-12-29 10:45:24,243 INFO WS connected: wss://ws-subscriptions-clob.polymarket.com/ws/market
2025-12-29 10:45:24,243 INFO Subscribed assets=2
2025-12-29 10:45:24,289 WARNING WS disconnected: 'list' object has no attribute 'get'
2025-12-29 10:45:24,753 WARNING [PAPER] cancel_all markets=2
2025-12-29 10:45:25,355 WARNING [PAPER] cancel_all markets=2
2025-12-29 10:45:25,959 WARNING [PAPER] cancel_all markets=2
2025-12-29 10:45:26,448 INFO WS connected: wss://ws-subscriptions-clob.polymarket.com/ws/market
2025-12-29 10:45:26,449 INFO Subscribed assets=2
2025-12-29 10:45:26,483 WARNING WS disconnected: 'list' object has no attribute 'get'
2025-12-29 10:45:26,560 WARNING [PAPER] cancel_all markets=2
2025-12-29 10:45:27,161 WARNING [PAPER] cancel_all markets=2
2025-12-29 10:45:27,766 WARNING [PAPER] cancel_all markets=2
2025-12-29 10:45:28,377 WARNING [PAPER] cancel_all markets=2
2025-12-29 10:45:28,629 INFO WS connected: wss://ws-subscriptions-clob.polymarket.com/ws/market
2025-12-29 10:45:28,630 INFO Subscribed assets=2
2025-12-29 10:45:28,676 WARNING WS disconnected: 'list' object has no attribute 'get'
2025-12-29 10:45:28,993 WARNING [PAPER] cancel_all markets=2
2025-12-29 10:45:29,595 WARNING [PAPER] cancel_all markets=2
2025-12-29 10:45:30,203 WARNING [PAPER] cancel_all markets=2
2025-12-29 10:45:30,805 WARNING [PAPER] cancel_all markets=2
2025-12-29 10:45:30,806 INFO WS connected: wss://ws-subscriptions-clob.polymarket.com/ws/market
2025-12-29 10:45:30,806 INFO Subscribed assets=2
2025-12-29 10:45:30,846 WARNING WS disconnected: 'list' object has no attribute 'get'
2025-12-29 10:45:31,419 WARNING [PAPER] cancel_all markets=2
2025-12-29 10:45:32,022 WARNING [PAPER] cancel_all markets=2
2025-12-29 10:45:32,632 WARNING [PAPER] cancel_all markets=2
2025-12-29 10:45:32,986 INFO WS connected: wss://ws-subscriptions-clob.polymarket.com/ws/market
2025-12-29 10:45:32,986 INFO Subscribed assets=2
2025-12-29 10:45:33,031 WARNING WS disconnected: 'list' object has no attribute 'get'
2025-12-29 10:45:33,239 WARNING [PAPER] cancel_all markets=2
2025-12-29 10:45:33,842 WARNING [PAPER] cancel_all markets=2
2025-12-29 10:45:34,443 WARNING [PAPER] cancel_all markets=2
2025-12-29 10:45:35,044 WARNING [PAPER] cancel_all markets=2
2025-12-29 10:45:35,182 INFO WS connected: wss://ws-subscriptions-clob.polymarket.com/ws/market
2025-12-29 10:45:35,182 INFO Subscribed assets=2
2025-12-29 10:45:35,221 WARNING WS disconnected: 'list' object has no attribute 'get'
2025-12-29 10:45:35,644 WARNING [PAPER] cancel_all markets=2
2025-12-29 10:45:36,255 WARNING [PAPER] cancel_all markets=2
2025-12-29 10:45:36,864 WARNING [PAPER] cancel_all markets=2
2025-12-29 10:45:37,366 INFO WS connected: wss://ws-subscriptions-clob.polymarket.com/ws/market
2025-12-29 10:45:37,367 INFO Subscribed assets=2
2025-12-29 10:45:37,407 WARNING WS disconnected: 'list' object has no attribute 'get'
2025-12-29 10:45:37,474 WARNING [PAPER] cancel_all markets=2
2025-12-29 10:45:38,082 WARNING [PAPER] cancel_all markets=2
2025-12-29 10:45:38,683 WARNING [PAPER] cancel_all markets=2
2025-12-29 10:45:39,288 WARNING [PAPER] cancel_all markets=2
2025-12-29 10:45:39,548 INFO WS connected: wss://ws-subscriptions-clob.polymarket.com/ws/market
2025-12-29 10:45:39,549 INFO Subscribed assets=2
2025-12-29 10:45:39,665 WARNING WS disconnected: 'list' object has no attribute 'get'
2025-12-29 10:45:39,897 WARNING [PAPER] cancel_all markets=2
2025-12-29 10:45:40,512 WARNING [PAPER] cancel_all markets=2
2025-12-29 10:45:41,112 WARNING [PAPER] cancel_all markets=2
2025-12-29 10:45:41,716 WARNING [PAPER] cancel_all markets=2
2025-12-29 10:45:41,819 INFO WS connected: wss://ws-subscriptions-clob.polymarket.com/ws/market
2025-12-29 10:45:41,820 INFO Subscribed assets=2
2025-12-29 10:45:41,861 WARNING WS disconnected: 'list' object has no attribute 'get'
2025-12-29 10:45:42,318 WARNING [PAPER] cancel_all markets=2
2025-12-29 10:45:42,926 WARNING [PAPER] cancel_all markets=2
2025-12-29 10:45:43,539 WARNING [PAPER] cancel_all markets=2
2025-12-29 10:45:44,010 INFO WS connected: wss://ws-subscriptions-clob.polymarket.com/ws/market
2025-12-29 10:45:44,010 INFO Subscribed assets=2
2025-12-29 10:45:44,051 WARNING WS disconnected: 'list' object has no attribute 'get'
2025-12-29 10:45:44,142 WARNING [PAPER] cancel_all markets=2
2025-12-29 10:45:44,743 WARNING [PAPER] cancel_all markets=2
2025-12-29 10:45:45,348 WARNING [PAPER] cancel_all markets=2
2025-12-29 10:45:45,948 WARNING [PAPER] cancel_all markets=2
2025-12-29 10:45:46,204 INFO WS connected: wss://ws-subscriptions-clob.polymarket.com/ws/market
2025-12-29 10:45:46,205 INFO Subscribed assets=2
2025-12-29 10:45:46,243 WARNING WS disconnected: 'list' object has no attribute 'get'
2025-12-29 10:45:46,553 WARNING [PAPER] cancel_all markets=2
2025-12-29 10:45:47,159 WARNING [PAPER] cancel_all markets=2
2025-12-29 10:45:47,760 WARNING [PAPER] cancel_all markets=2
2025-12-29 10:45:48,361 WARNING [PAPER] cancel_all markets=2
2025-12-29 10:45:48,379 INFO WS connected: wss://ws-subscriptions-clob.polymarket.com/ws/market
2025-12-29 10:45:48,379 INFO Subscribed assets=2
2025-12-29 10:45:48,421 WARNING WS disconnected: 'list' object has no attribute 'get'
2025-12-29 10:45:48,966 WARNING [PAPER] cancel_all markets=2
2025-12-29 10:45:49,570 WARNING [PAPER] cancel_all markets=2
2025-12-29 10:45:50,170 WARNING [PAPER] cancel_all markets=2
2025-12-29 10:45:50,562 INFO WS connected: wss://ws-subscriptions-clob.polymarket.com/ws/market
2025-12-29 10:45:50,562 INFO Subscribed assets=2
2025-12-29 10:45:50,625 WARNING WS disconnected: 'list' object has no attribute 'get'
2025-12-29 10:45:50,771 WARNING [PAPER] cancel_all markets=2
2025-12-29 10:45:51,373 WARNING [PAPER] cancel_all markets=2
2025-12-29 10:45:51,974 WARNING [PAPER] cancel_all markets=2
2025-12-29 10:45:52,577 WARNING [PAPER] cancel_all markets=2
2025-12-29 10:45:52,779 INFO WS connected: wss://ws-subscriptions-clob.polymarket.com/ws/market
2025-12-29 10:45:52,779 INFO Subscribed assets=2
2025-12-29 10:45:52,834 WARNING WS disconnected: 'list' object has no attribute 'get'
2025-12-29 10:45:53,191 WARNING [PAPER] cancel_all markets=2
2025-12-29 10:45:53,803 WARNING [PAPER] cancel_all markets=2
2025-12-29 10:45:54,411 WARNING [PAPER] cancel_all markets=2
2025-12-29 10:45:54,976 INFO WS connected: wss://ws-subscriptions-clob.polymarket.com/ws/market
2025-12-29 10:45:54,977 INFO Subscribed assets=2
2025-12-29 10:45:55,015 WARNING WS disconnected: 'list' object has no attribute 'get'
2025-12-29 10:45:55,616 WARNING [PAPER] cancel_all markets=2
2025-12-29 10:45:56,221 WARNING [PAPER] cancel_all markets=2
2025-12-29 10:45:56,827 WARNING [PAPER] cancel_all markets=2
2025-12-29 10:45:57,168 INFO WS connected: wss://ws-subscriptions-clob.polymarket.com/ws/market
2025-12-29 10:45:57,169 INFO Subscribed assets=2
2025-12-29 10:45:57,202 WARNING WS disconnected: 'list' object has no attribute 'get'
2025-12-29 10:45:57,428 WARNING [PAPER] cancel_all markets=2
2025-12-29 10:45:58,032 WARNING [PAPER] cancel_all markets=2
2025-12-29 10:45:58,638 WARNING [PAPER] cancel_all markets=2
2025-12-29 10:45:59,250 WARNING [PAPER] cancel_all markets=2
2025-12-29 10:45:59,346 INFO WS connected: wss://ws-subscriptions-clob.polymarket.com/ws/market
2025-12-29 10:45:59,346 INFO Subscribed assets=2
2025-12-29 10:45:59,399 WARNING WS disconnected: 'list' object has no attribute 'get'
2025-12-29 10:45:59,858 WARNING [PAPER] cancel_all markets=2
2025-12-29 10:46:00,460 WARNING [PAPER] cancel_all markets=2
2025-12-29 10:46:01,066 WARNING [PAPER] cancel_all markets=2
2025-12-29 10:46:01,546 INFO WS connected: wss://ws-subscriptions-clob.polymarket.com/ws/market
2025-12-29 10:46:01,547 INFO Subscribed assets=2
2025-12-29 10:46:01,586 WARNING WS disconnected: 'list' object has no attribute 'get'
2025-12-29 10:46:01,670 WARNING [PAPER] cancel_all markets=2
2025-12-29 10:46:02,272 WARNING [PAPER] cancel_all markets=2
2025-12-29 10:46:02,877 WARNING [PAPER] cancel_all markets=2
2025-12-29 10:46:03,482 WARNING [PAPER] cancel_all markets=2
2025-12-29 10:46:03,723 INFO WS connected: wss://ws-subscriptions-clob.polymarket.com/ws/market
2025-12-29 10:46:03,724 INFO Subscribed assets=2
2025-12-29 10:46:03,764 WARNING WS disconnected: 'list' object has no attribute 'get'
2025-12-29 10:46:04,094 WARNING [PAPER] cancel_all markets=2
2025-12-29 10:46:04,700 WARNING [PAPER] cancel_all markets=2
2025-12-29 10:46:05,310 WARNING [PAPER] cancel_all markets=2
2025-12-29 10:46:05,916 WARNING [PAPER] cancel_all markets=2
2025-12-29 10:46:05,938 INFO WS connected: wss://ws-subscriptions-clob.polymarket.com/ws/market
2025-12-29 10:46:05,939 INFO Subscribed assets=2
2025-12-29 10:46:05,988 WARNING WS disconnected: 'list' object has no attribute 'get'
2025-12-29 10:46:06,521 WARNING [PAPER] cancel_all markets=2
2025-12-29 10:46:07,127 WARNING [PAPER] cancel_all markets=2
2025-12-29 10:46:07,738 WARNING [PAPER] cancel_all markets=2
2025-12-29 10:46:08,127 INFO WS connected: wss://ws-subscriptions-clob.polymarket.com/ws/market
2025-12-29 10:46:08,127 INFO Subscribed assets=2
2025-12-29 10:46:08,171 WARNING WS disconnected: 'list' object has no attribute 'get'
2025-12-29 10:46:08,353 WARNING [PAPER] cancel_all markets=2
2025-12-29 10:46:08,960 WARNING [PAPER] cancel_all markets=2
2025-12-29 10:46:09,567 WARNING [PAPER] cancel_all markets=2
2025-12-29 10:46:10,167 WARNING [PAPER] cancel_all markets=2
2025-12-29 10:46:10,326 INFO WS connected: wss://ws-subscriptions-clob.polymarket.com/ws/market
2025-12-29 10:46:10,326 INFO Subscribed assets=2
2025-12-29 10:46:10,383 WARNING WS disconnected: 'list' object has no attribute 'get'
2025-12-29 10:46:10,782 WARNING [PAPER] cancel_all markets=2
2025-12-29 10:46:11,388 WARNING [PAPER] cancel_all markets=2
2025-12-29 10:46:11,990 WARNING [PAPER] cancel_all markets=2
2025-12-29 10:46:12,518 INFO WS connected: wss://ws-subscriptions-clob.polymarket.com/ws/market
2025-12-29 10:46:12,518 INFO Subscribed assets=2
2025-12-29 10:46:12,567 WARNING WS disconnected: 'list' object has no attribute 'get'
2025-12-29 10:46:12,598 WARNING [PAPER] cancel_all markets=2
2025-12-29 10:46:13,206 WARNING [PAPER] cancel_all markets=2
2025-12-29 10:46:13,810 WARNING [PAPER] cancel_all markets=2
2025-12-29 10:46:14,416 WARNING [PAPER] cancel_all markets=2
2025-12-29 10:46:14,693 INFO WS connected: wss://ws-subscriptions-clob.polymarket.com/ws/market
2025-12-29 10:46:14,693 INFO Subscribed assets=2
2025-12-29 10:46:14,735 WARNING WS disconnected: 'list' object has no attribute 'get'
2025-12-29 10:46:15,020 WARNING [PAPER] cancel_all markets=2
2025-12-29 10:46:15,626 WARNING [PAPER] cancel_all markets=2
2025-12-29 10:46:16,232 WARNING [PAPER] cancel_all markets=2
2025-12-29 10:46:16,838 WARNING [PAPER] cancel_all markets=2
2025-12-29 10:46:16,885 INFO WS connected: wss://ws-subscriptions-clob.polymarket.com/ws/market
2025-12-29 10:46:16,885 INFO Subscribed assets=2
2025-12-29 10:46:16,926 WARNING WS disconnected: 'list' object has no attribute 'get'
2025-12-29 10:46:17,448 WARNING [PAPER] cancel_all markets=2
2025-12-29 10:46:18,056 WARNING [PAPER] cancel_all markets=2
2025-12-29 10:46:18,658 WARNING [PAPER] cancel_all markets=2
2025-12-29 10:46:19,061 INFO WS connected: wss://ws-subscriptions-clob.polymarket.com/ws/market
2025-12-29 10:46:19,061 INFO Subscribed assets=2
2025-12-29 10:46:19,102 WARNING WS disconnected: 'list' object has no attribute 'get'
2025-12-29 10:46:19,262 WARNING [PAPER] cancel_all markets=2
2025-12-29 10:46:19,866 WARNING [PAPER] cancel_all markets=2
2025-12-29 10:46:20,468 WARNING [PAPER] cancel_all markets=2
2025-12-29 10:46:21,078 WARNING [PAPER] cancel_all markets=2
2025-12-29 10:46:21,254 INFO WS connected: wss://ws-subscriptions-clob.polymarket.com/ws/market
2025-12-29 10:46:21,254 INFO Subscribed assets=2
2025-12-29 10:46:21,295 WARNING WS disconnected: 'list' object has no attribute 'get'
2025-12-29 10:46:21,683 WARNING [PAPER] cancel_all markets=2
2025-12-29 10:46:22,293 WARNING [PAPER] cancel_all markets=2
2025-12-29 10:46:22,901 WARNING [PAPER] cancel_all markets=2
2025-12-29 10:46:23,437 INFO WS connected: wss://ws-subscriptions-clob.polymarket.com/ws/market
2025-12-29 10:46:23,437 INFO Subscribed assets=2
2025-12-29 10:46:23,478 WARNING WS disconnected: 'list' object has no attribute 'get'
2025-12-29 10:46:23,505 WARNING [PAPER] cancel_all markets=2
2025-12-29 10:46:24,120 WARNING [PAPER] cancel_all markets=2
2025-12-29 10:46:24,721 WARNING [PAPER] cancel_all markets=2
2025-12-29 10:46:25,327 WARNING [PAPER] cancel_all markets=2
2025-12-29 10:46:25,638 INFO WS connected: wss://ws-subscriptions-clob.polymarket.com/ws/market
2025-12-29 10:46:25,638 INFO Subscribed assets=2
2025-12-29 10:46:25,686 WARNING WS disconnected: 'list' object has no attribute 'get'
2025-12-29 10:46:25,928 WARNING [PAPER] cancel_all markets=2
2025-12-29 10:46:26,531 WARNING [PAPER] cancel_all markets=2
2025-12-29 10:46:27,132 WARNING [PAPER] cancel_all markets=2
2025-12-29 10:46:27,735 WARNING [PAPER] cancel_all markets=2
2025-12-29 10:46:27,818 INFO WS connected: wss://ws-subscriptions-clob.polymarket.com/ws/market
2025-12-29 10:46:27,818 INFO Subscribed assets=2
2025-12-29 10:46:27,859 WARNING WS disconnected: 'list' object has no attribute 'get'
2025-12-29 10:46:28,348 WARNING [PAPER] cancel_all markets=2
2025-12-29 10:46:28,949 WARNING [PAPER] cancel_all markets=2
2025-12-29 10:46:29,564 WARNING [PAPER] cancel_all markets=2
2025-12-29 10:46:30,004 INFO WS connected: wss://ws-subscriptions-clob.polymarket.com/ws/market
2025-12-29 10:46:30,005 INFO Subscribed assets=2
2025-12-29 10:46:30,042 WARNING WS disconnected: 'list' object has no attribute 'get'
2025-12-29 10:46:30,176 WARNING [PAPER] cancel_all markets=2
2025-12-29 10:46:30,788 WARNING [PAPER] cancel_all markets=2
2025-12-29 10:46:31,403 WARNING [PAPER] cancel_all markets=2
2025-12-29 10:46:32,005 WARNING [PAPER] cancel_all markets=2
2025-12-29 10:46:32,181 INFO WS connected: wss://ws-subscriptions-clob.polymarket.com/ws/market
2025-12-29 10:46:32,182 INFO Subscribed assets=2
2025-12-29 10:46:32,222 WARNING WS disconnected: 'list' object has no attribute 'get'
2025-12-29 10:46:32,609 WARNING [PAPER] cancel_all markets=2
2025-12-29 10:46:33,224 WARNING [PAPER] cancel_all markets=2
2025-12-29 10:46:33,838 WARNING [PAPER] cancel_all markets=2
2025-12-29 10:46:34,389 INFO WS connected: wss://ws-subscriptions-clob.polymarket.com/ws/market
2025-12-29 10:46:34,389 INFO Subscribed assets=2
2025-12-29 10:46:34,447 WARNING WS disconnected: 'list' object has no attribute 'get'
2025-12-29 10:46:35,058 WARNING [PAPER] cancel_all markets=2
2025-12-29 10:46:35,661 WARNING [PAPER] cancel_all markets=2
2025-12-29 10:46:36,274 WARNING [PAPER] cancel_all markets=2
2025-12-29 10:46:36,586 INFO WS connected: wss://ws-subscriptions-clob.polymarket.com/ws/market
2025-12-29 10:46:36,586 INFO Subscribed assets=2
2025-12-29 10:46:36,658 WARNING WS disconnected: 'list' object has no attribute 'get'
2025-12-29 10:46:36,875 WARNING [PAPER] cancel_all markets=2
2025-12-29 10:46:37,480 WARNING [PAPER] cancel_all markets=2
2025-12-29 10:46:38,082 WARNING [PAPER] cancel_all markets=2
2025-12-29 10:46:38,688 WARNING [PAPER] cancel_all markets=2
2025-12-29 10:46:38,803 INFO WS connected: wss://ws-subscriptions-clob.polymarket.com/ws/market
2025-12-29 10:46:38,804 INFO Subscribed assets=2
2025-12-29 10:46:38,840 WARNING WS disconnected: 'list' object has no attribute 'get'
2025-12-29 10:46:39,290 WARNING [PAPER] cancel_all markets=2
2025-12-29 10:46:39,898 WARNING [PAPER] cancel_all markets=2
2025-12-29 10:46:40,503 WARNING [PAPER] cancel_all markets=2
2025-12-29 10:46:40,980 INFO WS connected: wss://ws-subscriptions-clob.polymarket.com/ws/market
2025-12-29 10:46:40,981 INFO Subscribed assets=2
2025-12-29 10:46:41,031 WARNING WS disconnected: 'list' object has no attribute 'get'
2025-12-29 10:46:41,105 WARNING [PAPER] cancel_all markets=2
2025-12-29 10:46:41,717 WARNING [PAPER] cancel_all markets=2
2025-12-29 10:46:42,332 WARNING [PAPER] cancel_all markets=2
2025-12-29 10:46:42,941 WARNING [PAPER] cancel_all markets=2
2025-12-29 10:46:43,173 INFO WS connected: wss://ws-subscriptions-clob.polymarket.com/ws/market
2025-12-29 10:46:43,174 INFO Subscribed assets=2
2025-12-29 10:46:43,216 WARNING WS disconnected: 'list' object has no attribute 'get'
2025-12-29 10:46:43,544 WARNING [PAPER] cancel_all markets=2
2025-12-29 10:46:44,155 WARNING [PAPER] cancel_all markets=2
2025-12-29 10:46:44,760 WARNING [PAPER] cancel_all markets=2
2025-12-29 10:46:45,344 INFO WS connected: wss://ws-subscriptions-clob.polymarket.com/ws/market
2025-12-29 10:46:45,344 INFO Subscribed assets=2
2025-12-29 10:46:45,386 WARNING WS disconnected: 'list' object has no attribute 'get'
2025-12-29 10:46:45,971 WARNING [PAPER] cancel_all markets=2
2025-12-29 10:46:46,571 WARNING [PAPER] cancel_all markets=2
2025-12-29 10:46:47,188 WARNING [PAPER] cancel_all markets=2
2025-12-29 10:46:47,522 INFO WS connected: wss://ws-subscriptions-clob.polymarket.com/ws/market
2025-12-29 10:46:47,522 INFO Subscribed assets=2
2025-12-29 10:46:47,582 WARNING WS disconnected: 'list' object has no attribute 'get'
2025-12-29 10:46:47,800 WARNING [PAPER] cancel_all markets=2
2025-12-29 10:46:48,410 WARNING [PAPER] cancel_all markets=2
2025-12-29 10:46:49,011 WARNING [PAPER] cancel_all markets=2
2025-12-29 10:46:49,618 WARNING [PAPER] cancel_all markets=2
2025-12-29 10:46:49,722 INFO WS connected: wss://ws-subscriptions-clob.polymarket.com/ws/market
2025-12-29 10:46:49,723 INFO Subscribed assets=2
2025-12-29 10:46:49,762 WARNING WS disconnected: 'list' object has no attribute 'get'
2025-12-29 10:46:50,227 WARNING [PAPER] cancel_all markets=2
2025-12-29 10:46:50,839 WARNING [PAPER] cancel_all markets=2
2025-12-29 10:46:51,454 WARNING [PAPER] cancel_all markets=2
2025-12-29 10:46:51,905 INFO WS connected: wss://ws-subscriptions-clob.polymarket.com/ws/market
2025-12-29 10:46:51,905 INFO Subscribed assets=2
2025-12-29 10:46:51,951 WARNING WS disconnected: 'list' object has no attribute 'get'
2025-12-29 10:46:52,060 WARNING [PAPER] cancel_all markets=2
2025-12-29 10:46:52,661 WARNING [PAPER] cancel_all markets=2
2025-12-29 10:46:53,270 WARNING [PAPER] cancel_all markets=2
2025-12-29 10:46:53,877 WARNING [PAPER] cancel_all markets=2
2025-12-29 10:46:54,116 INFO WS connected: wss://ws-subscriptions-clob.polymarket.com/ws/market
2025-12-29 10:46:54,116 INFO Subscribed assets=2
2025-12-29 10:46:54,165 WARNING WS disconnected: 'list' object has no attribute 'get'
2025-12-29 10:46:54,488 WARNING [PAPER] cancel_all markets=2
2025-12-29 10:46:55,088 WARNING [PAPER] cancel_all markets=2
2025-12-29 10:46:55,703 WARNING [PAPER] cancel_all markets=2
2025-12-29 10:46:56,305 WARNING [PAPER] cancel_all markets=2
2025-12-29 10:46:56,310 INFO WS connected: wss://ws-subscriptions-clob.polymarket.com/ws/market
2025-12-29 10:46:56,311 INFO Subscribed assets=2
2025-12-29 10:46:56,355 WARNING WS disconnected: 'list' object has no attribute 'get'
2025-12-29 10:46:56,916 WARNING [PAPER] cancel_all markets=2
2025-12-29 10:46:57,524 WARNING [PAPER] cancel_all markets=2
2025-12-29 10:46:58,125 WARNING [PAPER] cancel_all markets=2
2025-12-29 10:46:58,497 INFO WS connected: wss://ws-subscriptions-clob.polymarket.com/ws/market
2025-12-29 10:46:58,497 INFO Subscribed assets=2
2025-12-29 10:46:58,547 WARNING WS disconnected: 'list' object has no attribute 'get'
2025-12-29 10:46:58,731 WARNING [PAPER] cancel_all markets=2
2025-12-29 10:46:59,332 WARNING [PAPER] cancel_all markets=2
2025-12-29 10:46:59,938 WARNING [PAPER] cancel_all markets=2
2025-12-29 10:47:00,544 WARNING [PAPER] cancel_all markets=2
2025-12-29 10:47:00,702 INFO WS connected: wss://ws-subscriptions-clob.polymarket.com/ws/market
2025-12-29 10:47:00,703 INFO Subscribed assets=2
2025-12-29 10:47:00,742 WARNING WS disconnected: 'list' object has no attribute 'get'
2025-12-29 10:47:01,150 WARNING [PAPER] cancel_all markets=2
2025-12-29 10:47:01,760 WARNING [PAPER] cancel_all markets=2
2025-12-29 10:47:02,366 WARNING [PAPER] cancel_all markets=2
2025-12-29 10:47:02,902 INFO WS connected: wss://ws-subscriptions-clob.polymarket.com/ws/market
2025-12-29 10:47:02,903 INFO Subscribed assets=2
2025-12-29 10:47:02,956 WARNING WS disconnected: 'list' object has no attribute 'get'
2025-12-29 10:47:02,973 WARNING [PAPER] cancel_all markets=2
2025-12-29 10:47:03,576 WARNING [PAPER] cancel_all markets=2
2025-12-29 10:47:04,187 WARNING [PAPER] cancel_all markets=2
2025-12-29 10:47:04,788 WARNING [PAPER] cancel_all markets=2
2025-12-29 10:47:05,100 INFO WS connected: wss://ws-subscriptions-clob.polymarket.com/ws/market
2025-12-29 10:47:05,100 INFO Subscribed assets=2
2025-12-29 10:47:05,140 WARNING WS disconnected: 'list' object has no attribute 'get'
2025-12-29 10:47:05,391 WARNING [PAPER] cancel_all markets=2
2025-12-29 10:47:05,994 WARNING [PAPER] cancel_all markets=2
2025-12-29 10:47:06,605 WARNING [PAPER] cancel_all markets=2
2025-12-29 10:47:07,210 WARNING [PAPER] cancel_all markets=2
2025-12-29 10:47:07,294 INFO WS connected: wss://ws-subscriptions-clob.polymarket.com/ws/market
2025-12-29 10:47:07,295 INFO Subscribed assets=2
2025-12-29 10:47:07,333 WARNING WS disconnected: 'list' object has no attribute 'get'
2025-12-29 10:47:07,821 WARNING [PAPER] cancel_all markets=2
2025-12-29 10:47:08,427 WARNING [PAPER] cancel_all markets=2
2025-12-29 10:47:09,044 WARNING [PAPER] cancel_all markets=2
2025-12-29 10:47:09,489 INFO WS connected: wss://ws-subscriptions-clob.polymarket.com/ws/market
2025-12-29 10:47:09,489 INFO Subscribed assets=2
2025-12-29 10:47:09,544 WARNING WS disconnected: 'list' object has no attribute 'get'
2025-12-29 10:47:09,654 WARNING [PAPER] cancel_all markets=2
2025-12-29 10:47:10,255 WARNING [PAPER] cancel_all markets=2
2025-12-29 10:47:10,865 WARNING [PAPER] cancel_all markets=2
2025-12-29 10:47:11,471 WARNING [PAPER] cancel_all markets=2
2025-12-29 10:47:11,690 INFO WS connected: wss://ws-subscriptions-clob.polymarket.com/ws/market
2025-12-29 10:47:11,690 INFO Subscribed assets=2
2025-12-29 10:47:11,726 WARNING WS disconnected: 'list' object has no attribute 'get'
2025-12-29 10:47:12,077 WARNING [PAPER] cancel_all markets=2
2025-12-29 10:47:12,683 WARNING [PAPER] cancel_all markets=2
2025-12-29 10:47:13,285 WARNING [PAPER] cancel_all markets=2
2025-12-29 10:47:13,868 INFO WS connected: wss://ws-subscriptions-clob.polymarket.com/ws/market
2025-12-29 10:47:13,868 INFO Subscribed assets=2
2025-12-29 10:47:13,906 WARNING WS disconnected: 'list' object has no attribute 'get'
2025-12-29 10:47:14,488 WARNING [PAPER] cancel_all markets=2
2025-12-29 10:47:15,089 WARNING [PAPER] cancel_all markets=2
2025-12-29 10:47:15,703 WARNING [PAPER] cancel_all markets=2
2025-12-29 10:47:16,078 INFO WS connected: wss://ws-subscriptions-clob.polymarket.com/ws/market
2025-12-29 10:47:16,078 INFO Subscribed assets=2
2025-12-29 10:47:16,121 WARNING WS disconnected: 'list' object has no attribute 'get'
2025-12-29 10:47:16,311 WARNING [PAPER] cancel_all markets=2
2025-12-29 10:47:16,927 WARNING [PAPER] cancel_all markets=2
2025-12-29 10:47:17,543 WARNING [PAPER] cancel_all markets=2
2025-12-29 10:47:18,153 WARNING [PAPER] cancel_all markets=2
2025-12-29 10:47:18,256 INFO WS connected: wss://ws-subscriptions-clob.polymarket.com/ws/market
2025-12-29 10:47:18,256 INFO Subscribed assets=2
2025-12-29 10:47:18,297 WARNING WS disconnected: 'list' object has no attribute 'get'
2025-12-29 10:47:18,761 WARNING [PAPER] cancel_all markets=2
2025-12-29 10:47:19,366 WARNING [PAPER] cancel_all markets=2
2025-12-29 10:47:19,972 WARNING [PAPER] cancel_all markets=2
2025-12-29 10:47:20,431 INFO WS connected: wss://ws-subscriptions-clob.polymarket.com/ws/market
2025-12-29 10:47:20,432 INFO Subscribed assets=2
2025-12-29 10:47:20,482 WARNING WS disconnected: 'list' object has no attribute 'get'
2025-12-29 10:47:20,580 WARNING [PAPER] cancel_all markets=2
2025-12-29 10:47:21,183 WARNING [PAPER] cancel_all markets=2
2025-12-29 10:47:21,796 WARNING [PAPER] cancel_all markets=2
2025-12-29 10:47:22,398 WARNING [PAPER] cancel_all markets=2
2025-12-29 10:47:22,642 INFO WS connected: wss://ws-subscriptions-clob.polymarket.com/ws/market
2025-12-29 10:47:22,642 INFO Subscribed assets=2
2025-12-29 10:47:22,721 WARNING WS disconnected: 'list' object has no attribute 'get'
2025-12-29 10:47:23,009 WARNING [PAPER] cancel_all markets=2
2025-12-29 10:47:23,611 WARNING [PAPER] cancel_all markets=2
2025-12-29 10:47:24,216 WARNING [PAPER] cancel_all markets=2
2025-12-29 10:47:24,832 WARNING [PAPER] cancel_all markets=2
2025-12-29 10:47:24,865 INFO WS connected: wss://ws-subscriptions-clob.polymarket.com/ws/market
2025-12-29 10:47:24,865 INFO Subscribed assets=2
2025-12-29 10:47:24,908 WARNING WS disconnected: 'list' object has no attribute 'get'
2025-12-29 10:47:25,432 WARNING [PAPER] cancel_all markets=2
2025-12-29 10:47:26,038 WARNING [PAPER] cancel_all markets=2
2025-12-29 10:47:26,641 WARNING [PAPER] cancel_all markets=2
2025-12-29 10:47:27,046 INFO WS connected: wss://ws-subscriptions-clob.polymarket.com/ws/market
2025-12-29 10:47:27,046 INFO Subscribed assets=2
2025-12-29 10:47:27,106 WARNING WS disconnected: 'list' object has no attribute 'get'
2025-12-29 10:47:27,244 WARNING [PAPER] cancel_all markets=2
2025-12-29 10:47:27,858 WARNING [PAPER] cancel_all markets=2
2025-12-29 10:47:28,467 WARNING [PAPER] cancel_all markets=2
2025-12-29 10:47:29,077 WARNING [PAPER] cancel_all markets=2
2025-12-29 10:47:29,259 INFO WS connected: wss://ws-subscriptions-clob.polymarket.com/ws/market
2025-12-29 10:47:29,259 INFO Subscribed assets=2
2025-12-29 10:47:29,306 WARNING WS disconnected: 'list' object has no attribute 'get'
2025-12-29 10:47:29,688 WARNING [PAPER] cancel_all markets=2
2025-12-29 10:47:30,303 WARNING [PAPER] cancel_all markets=2
2025-12-29 10:47:30,903 WARNING [PAPER] cancel_all markets=2
2025-12-29 10:47:31,463 INFO WS connected: wss://ws-subscriptions-clob.polymarket.com/ws/market
2025-12-29 10:47:31,463 INFO Subscribed assets=2
2025-12-29 10:47:31,539 WARNING WS disconnected: 'list' object has no attribute 'get'
2025-12-29 10:47:32,127 WARNING [PAPER] cancel_all markets=2
2025-12-29 10:47:32,741 WARNING [PAPER] cancel_all markets=2
2025-12-29 10:47:33,349 WARNING [PAPER] cancel_all markets=2
2025-12-29 10:47:33,672 INFO WS connected: wss://ws-subscriptions-clob.polymarket.com/ws/market
2025-12-29 10:47:33,672 INFO Subscribed assets=2
2025-12-29 10:47:33,709 WARNING WS disconnected: 'list' object has no attribute 'get'
2025-12-29 10:47:33,959 WARNING [PAPER] cancel_all markets=2
2025-12-29 10:47:34,566 WARNING [PAPER] cancel_all markets=2
2025-12-29 10:47:35,180 WARNING [PAPER] cancel_all markets=2
2025-12-29 10:47:35,782 WARNING [PAPER] cancel_all markets=2
2025-12-29 10:47:35,856 INFO WS connected: wss://ws-subscriptions-clob.polymarket.com/ws/market
2025-12-29 10:47:35,856 INFO Subscribed assets=2
2025-12-29 10:47:35,914 WARNING WS disconnected: 'list' object has no attribute 'get'
2025-12-29 10:47:36,392 WARNING [PAPER] cancel_all markets=2
2025-12-29 10:47:36,994 WARNING [PAPER] cancel_all markets=2
2025-12-29 10:47:37,601 WARNING [PAPER] cancel_all markets=2
2025-12-29 10:47:38,070 INFO WS connected: wss://ws-subscriptions-clob.polymarket.com/ws/market
2025-12-29 10:47:38,070 INFO Subscribed assets=2
2025-12-29 10:47:38,109 WARNING WS disconnected: 'list' object has no attribute 'get'
2025-12-29 10:47:38,205 WARNING [PAPER] cancel_all markets=2
2025-12-29 10:47:38,810 WARNING [PAPER] cancel_all markets=2
2025-12-29 10:47:39,411 WARNING [PAPER] cancel_all markets=2
2025-12-29 10:47:40,016 WARNING [PAPER] cancel_all markets=2
2025-12-29 10:47:40,280 INFO WS connected: wss://ws-subscriptions-clob.polymarket.com/ws/market
2025-12-29 10:47:40,280 INFO Subscribed assets=2
2025-12-29 10:47:40,332 WARNING WS disconnected: 'list' object has no attribute 'get'
2025-12-29 10:47:40,624 WARNING [PAPER] cancel_all markets=2
2025-12-29 10:47:41,226 WARNING [PAPER] cancel_all markets=2
2025-12-29 10:47:41,831 WARNING [PAPER] cancel_all markets=2
2025-12-29 10:47:42,433 WARNING [PAPER] cancel_all markets=2
2025-12-29 10:47:42,468 INFO WS connected: wss://ws-subscriptions-clob.polymarket.com/ws/market
2025-12-29 10:47:42,469 INFO Subscribed assets=2
2025-12-29 10:47:42,521 WARNING WS disconnected: 'list' object has no attribute 'get'
2025-12-29 10:47:43,037 WARNING [PAPER] cancel_all markets=2
2025-12-29 10:47:43,646 WARNING [PAPER] cancel_all markets=2
2025-12-29 10:47:44,256 WARNING [PAPER] cancel_all markets=2
2025-12-29 10:47:44,679 INFO WS connected: wss://ws-subscriptions-clob.polymarket.com/ws/market
2025-12-29 10:47:44,680 INFO Subscribed assets=2
2025-12-29 10:47:44,716 WARNING WS disconnected: 'list' object has no attribute 'get'
2025-12-29 10:47:44,859 WARNING [PAPER] cancel_all markets=2
2025-12-29 10:47:45,460 WARNING [PAPER] cancel_all markets=2
2025-12-29 10:47:46,061 WARNING [PAPER] cancel_all markets=2
2025-12-29 10:47:46,667 WARNING [PAPER] cancel_all markets=2
2025-12-29 10:47:46,875 INFO WS connected: wss://ws-subscriptions-clob.polymarket.com/ws/market
2025-12-29 10:47:46,876 INFO Subscribed assets=2
2025-12-29 10:47:46,914 WARNING WS disconnected: 'list' object has no attribute 'get'
2025-12-29 10:47:47,271 WARNING [PAPER] cancel_all markets=2
2025-12-29 10:47:47,883 WARNING [PAPER] cancel_all markets=2
2025-12-29 10:47:48,487 WARNING [PAPER] cancel_all markets=2
2025-12-29 10:47:49,063 INFO WS connected: wss://ws-subscriptions-clob.polymarket.com/ws/market
2025-12-29 10:47:49,063 INFO Subscribed assets=2
2025-12-29 10:47:49,102 WARNING WS disconnected: 'list' object has no attribute 'get'
2025-12-29 10:47:49,710 WARNING [PAPER] cancel_all markets=2
2025-12-29 10:47:50,316 WARNING [PAPER] cancel_all markets=2
2025-12-29 10:47:50,918 WARNING [PAPER] cancel_all markets=2
2025-12-29 10:47:51,251 INFO WS connected: wss://ws-subscriptions-clob.polymarket.com/ws/market
2025-12-29 10:47:51,251 INFO Subscribed assets=2
2025-12-29 10:47:51,290 WARNING WS disconnected: 'list' object has no attribute 'get'
2025-12-29 10:47:51,532 WARNING [PAPER] cancel_all markets=2
2025-12-29 10:47:52,146 WARNING [PAPER] cancel_all markets=2
2025-12-29 10:47:52,760 WARNING [PAPER] cancel_all markets=2
2025-12-29 10:47:53,368 WARNING [PAPER] cancel_all markets=2
2025-12-29 10:47:53,430 INFO WS connected: wss://ws-subscriptions-clob.polymarket.com/ws/market
2025-12-29 10:47:53,431 INFO Subscribed assets=2
2025-12-29 10:47:53,481 WARNING WS disconnected: 'list' object has no attribute 'get'
2025-12-29 10:47:53,971 WARNING [PAPER] cancel_all markets=2
2025-12-29 10:47:54,577 WARNING [PAPER] cancel_all markets=2
2025-12-29 10:47:55,188 WARNING [PAPER] cancel_all markets=2
2025-12-29 10:47:55,623 INFO WS connected: wss://ws-subscriptions-clob.polymarket.com/ws/market
2025-12-29 10:47:55,623 INFO Subscribed assets=2
2025-12-29 10:47:55,663 WARNING WS disconnected: 'list' object has no attribute 'get'
2025-12-29 10:47:55,789 WARNING [PAPER] cancel_all markets=2
2025-12-29 10:47:56,393 WARNING [PAPER] cancel_all markets=2
2025-12-29 10:47:57,008 WARNING [PAPER] cancel_all markets=2
2025-12-29 10:47:57,609 WARNING [PAPER] cancel_all markets=2
2025-12-29 10:47:57,804 INFO WS connected: wss://ws-subscriptions-clob.polymarket.com/ws/market
2025-12-29 10:47:57,804 INFO Subscribed assets=2
2025-12-29 10:47:57,837 WARNING WS disconnected: 'list' object has no attribute 'get'
2025-12-29 10:47:58,214 WARNING [PAPER] cancel_all markets=2
2025-12-29 10:47:58,814 WARNING [PAPER] cancel_all markets=2
2025-12-29 10:47:59,422 WARNING [PAPER] cancel_all markets=2
2025-12-29 10:47:59,969 INFO WS connected: wss://ws-subscriptions-clob.polymarket.com/ws/market
2025-12-29 10:47:59,969 INFO Subscribed assets=2
2025-12-29 10:48:00,009 WARNING WS disconnected: 'list' object has no attribute 'get'
2025-12-29 10:48:00,027 WARNING [PAPER] cancel_all markets=2
2025-12-29 10:48:00,639 WARNING [PAPER] cancel_all markets=2
2025-12-29 10:48:01,247 WARNING [PAPER] cancel_all markets=2
2025-12-29 10:48:01,863 WARNING [PAPER] cancel_all markets=2
2025-12-29 10:48:02,161 INFO WS connected: wss://ws-subscriptions-clob.polymarket.com/ws/market
2025-12-29 10:48:02,162 INFO Subscribed assets=2
2025-12-29 10:48:02,211 WARNING WS disconnected: 'list' object has no attribute 'get'
2025-12-29 10:48:02,469 WARNING [PAPER] cancel_all markets=2
2025-12-29 10:48:03,073 WARNING [PAPER] cancel_all markets=2
2025-12-29 10:48:03,679 WARNING [PAPER] cancel_all markets=2
2025-12-29 10:48:04,291 WARNING [PAPER] cancel_all markets=2
2025-12-29 10:48:04,346 INFO WS connected: wss://ws-subscriptions-clob.polymarket.com/ws/market
2025-12-29 10:48:04,346 INFO Subscribed assets=2
2025-12-29 10:48:04,394 WARNING WS disconnected: 'list' object has no attribute 'get'
2025-12-29 10:48:04,892 WARNING [PAPER] cancel_all markets=2
2025-12-29 10:48:05,494 WARNING [PAPER] cancel_all markets=2
2025-12-29 10:48:06,096 WARNING [PAPER] cancel_all markets=2
2025-12-29 10:48:06,530 INFO WS connected: wss://ws-subscriptions-clob.polymarket.com/ws/market
2025-12-29 10:48:06,531 INFO Subscribed assets=2
2025-12-29 10:48:06,570 WARNING WS disconnected: 'list' object has no attribute 'get'
2025-12-29 10:48:06,699 WARNING [PAPER] cancel_all markets=2
2025-12-29 10:48:07,299 WARNING [PAPER] cancel_all markets=2
2025-12-29 10:48:07,906 WARNING [PAPER] cancel_all markets=2
2025-12-29 10:48:08,507 WARNING [PAPER] cancel_all markets=2
2025-12-29 10:48:08,709 INFO WS connected: wss://ws-subscriptions-clob.polymarket.com/ws/market
2025-12-29 10:48:08,709 INFO Subscribed assets=2
2025-12-29 10:48:08,753 WARNING WS disconnected: 'list' object has no attribute 'get'
2025-12-29 10:48:09,116 WARNING [PAPER] cancel_all markets=2
2025-12-29 10:48:09,732 WARNING [PAPER] cancel_all markets=2
2025-12-29 10:48:10,332 WARNING [PAPER] cancel_all markets=2
2025-12-29 10:48:10,916 INFO WS connected: wss://ws-subscriptions-clob.polymarket.com/ws/market
2025-12-29 10:48:10,917 INFO Subscribed assets=2
2025-12-29 10:48:10,989 WARNING WS disconnected: 'list' object has no attribute 'get'
2025-12-29 10:48:11,552 WARNING [PAPER] cancel_all markets=2
2025-12-29 10:48:12,153 WARNING [PAPER] cancel_all markets=2
2025-12-29 10:48:12,761 WARNING [PAPER] cancel_all markets=2
2025-12-29 10:48:13,129 INFO WS connected: wss://ws-subscriptions-clob.polymarket.com/ws/market
2025-12-29 10:48:13,129 INFO Subscribed assets=2
2025-12-29 10:48:13,178 WARNING WS disconnected: 'list' object has no attribute 'get'
2025-12-29 10:48:13,372 WARNING [PAPER] cancel_all markets=2
2025-12-29 10:48:13,977 WARNING [PAPER] cancel_all markets=2
2025-12-29 10:48:14,592 WARNING [PAPER] cancel_all markets=2
2025-12-29 10:48:15,194 WARNING [PAPER] cancel_all markets=2
2025-12-29 10:48:15,311 INFO WS connected: wss://ws-subscriptions-clob.polymarket.com/ws/market
2025-12-29 10:48:15,311 INFO Subscribed assets=2
2025-12-29 10:48:15,351 WARNING WS disconnected: 'list' object has no attribute 'get'
2025-12-29 10:48:15,796 WARNING [PAPER] cancel_all markets=2
2025-12-29 10:48:16,398 WARNING [PAPER] cancel_all markets=2
2025-12-29 10:48:17,001 WARNING [PAPER] cancel_all markets=2
2025-12-29 10:48:17,483 INFO WS connected: wss://ws-subscriptions-clob.polymarket.com/ws/market
2025-12-29 10:48:17,483 INFO Subscribed assets=2
2025-12-29 10:48:17,522 WARNING WS disconnected: 'list' object has no attribute 'get'
2025-12-29 10:48:17,607 WARNING [PAPER] cancel_all markets=2
2025-12-29 10:48:18,208 WARNING [PAPER] cancel_all markets=2
2025-12-29 10:48:18,811 WARNING [PAPER] cancel_all markets=2
2025-12-29 10:48:19,412 WARNING [PAPER] cancel_all markets=2
2025-12-29 10:48:19,670 INFO WS connected: wss://ws-subscriptions-clob.polymarket.com/ws/market
2025-12-29 10:48:19,670 INFO Subscribed assets=2
2025-12-29 10:48:19,710 WARNING WS disconnected: 'list' object has no attribute 'get'
2025-12-29 10:48:20,017 WARNING [PAPER] cancel_all markets=2
2025-12-29 10:48:20,618 WARNING [PAPER] cancel_all markets=2
2025-12-29 10:48:21,232 WARNING [PAPER] cancel_all markets=2
2025-12-29 10:48:21,835 WARNING [PAPER] cancel_all markets=2
2025-12-29 10:48:21,848 INFO WS connected: wss://ws-subscriptions-clob.polymarket.com/ws/market
2025-12-29 10:48:21,849 INFO Subscribed assets=2
2025-12-29 10:48:21,893 WARNING WS disconnected: 'list' object has no attribute 'get'
2025-12-29 10:48:22,450 WARNING [PAPER] cancel_all markets=2
2025-12-29 10:48:23,058 WARNING [PAPER] cancel_all markets=2
2025-12-29 10:48:23,662 WARNING [PAPER] cancel_all markets=2
2025-12-29 10:48:24,037 INFO WS connected: wss://ws-subscriptions-clob.polymarket.com/ws/market
2025-12-29 10:48:24,038 INFO Subscribed assets=2
2025-12-29 10:48:24,073 WARNING WS disconnected: 'list' object has no attribute 'get'
2025-12-29 10:48:24,271 WARNING [PAPER] cancel_all markets=2
2025-12-29 10:48:24,878 WARNING [PAPER] cancel_all markets=2
2025-12-29 10:48:25,483 WARNING [PAPER] cancel_all markets=2
2025-12-29 10:48:26,088 WARNING [PAPER] cancel_all markets=2
2025-12-29 10:48:26,219 INFO WS connected: wss://ws-subscriptions-clob.polymarket.com/ws/market
2025-12-29 10:48:26,219 INFO Subscribed assets=2
2025-12-29 10:48:26,257 WARNING WS disconnected: 'list' object has no attribute 'get'
2025-12-29 10:48:26,691 WARNING [PAPER] cancel_all markets=2
2025-12-29 10:48:27,299 WARNING [PAPER] cancel_all markets=2
2025-12-29 10:48:27,903 WARNING [PAPER] cancel_all markets=2
2025-12-29 10:48:28,397 INFO WS connected: wss://ws-subscriptions-clob.polymarket.com/ws/market
2025-12-29 10:48:28,397 INFO Subscribed assets=2
2025-12-29 10:48:28,437 WARNING WS disconnected: 'list' object has no attribute 'get'
2025-12-29 10:48:28,505 WARNING [PAPER] cancel_all markets=2
2025-12-29 10:48:29,120 WARNING [PAPER] cancel_all markets=2
2025-12-29 10:48:29,725 WARNING [PAPER] cancel_all markets=2
2025-12-29 10:48:30,332 WARNING [PAPER] cancel_all markets=2
2025-12-29 10:48:30,568 INFO WS connected: wss://ws-subscriptions-clob.polymarket.com/ws/market
2025-12-29 10:48:30,568 INFO Subscribed assets=2
2025-12-29 10:48:30,626 WARNING WS disconnected: 'list' object has no attribute 'get'
2025-12-29 10:48:30,932 WARNING [PAPER] cancel_all markets=2
2025-12-29 10:48:31,533 WARNING [PAPER] cancel_all markets=2
2025-12-29 10:48:32,133 WARNING [PAPER] cancel_all markets=2
2025-12-29 10:48:32,738 WARNING [PAPER] cancel_all markets=2
2025-12-29 10:48:32,759 INFO WS connected: wss://ws-subscriptions-clob.polymarket.com/ws/market
2025-12-29 10:48:32,759 INFO Subscribed assets=2
2025-12-29 10:48:32,796 WARNING WS disconnected: 'list' object has no attribute 'get'
2025-12-29 10:48:33,354 WARNING [PAPER] cancel_all markets=2
2025-12-29 10:48:33,955 WARNING [PAPER] cancel_all markets=2
